[ 2016-10-01T00:00:47+08:00 ] 127.0.0.1 127.0.0.1 GET /ueditor/third-party/jquery-3.0.0.min.js
[ log ] yunsudoc.com/ueditor/third-party/jquery-3.0.0.min.js [运行时间：0.055179s][吞吐率：18.12req/s] [内存消耗：846.95kb] [文件加载：25]
[ info ] [ ROUTE ] array (
  'type' => 'module',
  'module' => 
  array (
    0 => 'ueditor',
    1 => 'third-party',
    2 => 'jquery-3.0.0.min.js',
  ),
)
[ info ] [ LANG ] D:\xampp\htdocs\yunsuDoc\thinkphp\lang\zh-cn.php
[ info ] [ LOG ] INIT File: array (
  'path' => 'D:\\xampp\\htdocs\\yunsuDoc\\runtime\\log\\',
)

[ 2016-10-01T00:01:16+08:00 ] 127.0.0.1 127.0.0.1 GET /ueditor/third-party/jquery-3.0.0.min.js
[ log ] yunsudoc.com/ueditor/third-party/jquery-3.0.0.min.js [运行时间：0.045481s][吞吐率：21.99req/s] [内存消耗：846.94kb] [文件加载：25]
[ info ] [ ROUTE ] array (
  'type' => 'module',
  'module' => 
  array (
    0 => 'ueditor',
    1 => 'third-party',
    2 => 'jquery-3.0.0.min.js',
  ),
)
[ info ] [ LANG ] D:\xampp\htdocs\yunsuDoc\thinkphp\lang\zh-cn.php
[ info ] [ LOG ] INIT File: array (
  'path' => 'D:\\xampp\\htdocs\\yunsuDoc\\runtime\\log\\',
)

[ 2016-10-01T00:04:41+08:00 ] 127.0.0.1 127.0.0.1 GET /ueditor/third-party/jquery-3.0.0.min.js
[ log ] yunsudoc.com/ueditor/third-party/jquery-3.0.0.min.js [运行时间：0.053941s][吞吐率：18.54req/s] [内存消耗：846.94kb] [文件加载：25]
[ info ] [ ROUTE ] array (
  'type' => 'module',
  'module' => 
  array (
    0 => 'ueditor',
    1 => 'third-party',
    2 => 'jquery-3.0.0.min.js',
  ),
)
[ info ] [ LANG ] D:\xampp\htdocs\yunsuDoc\thinkphp\lang\zh-cn.php
[ info ] [ LOG ] INIT File: array (
  'path' => 'D:\\xampp\\htdocs\\yunsuDoc\\runtime\\log\\',
)

[ 2016-10-01T00:06:16+08:00 ] 127.0.0.1 127.0.0.1 GET /ueditor/third-party/jquery-3.0.0.min.js
[ log ] yunsudoc.com/ueditor/third-party/jquery-3.0.0.min.js [运行时间：0.048657s][吞吐率：20.55req/s] [内存消耗：846.94kb] [文件加载：25]
[ info ] [ ROUTE ] array (
  'type' => 'module',
  'module' => 
  array (
    0 => 'ueditor',
    1 => 'third-party',
    2 => 'jquery-3.0.0.min.js',
  ),
)
[ info ] [ LANG ] D:\xampp\htdocs\yunsuDoc\thinkphp\lang\zh-cn.php
[ info ] [ LOG ] INIT File: array (
  'path' => 'D:\\xampp\\htdocs\\yunsuDoc\\runtime\\log\\',
)

[ 2016-10-01T00:06:59+08:00 ] 127.0.0.1 127.0.0.1 GET /ueditor/third-party/jquery-3.0.0.min.js
[ log ] yunsudoc.com/ueditor/third-party/jquery-3.0.0.min.js [运行时间：0.049152s][吞吐率：20.35req/s] [内存消耗：846.94kb] [文件加载：25]
[ info ] [ ROUTE ] array (
  'type' => 'module',
  'module' => 
  array (
    0 => 'ueditor',
    1 => 'third-party',
    2 => 'jquery-3.0.0.min.js',
  ),
)
[ info ] [ LANG ] D:\xampp\htdocs\yunsuDoc\thinkphp\lang\zh-cn.php
[ info ] [ LOG ] INIT File: array (
  'path' => 'D:\\xampp\\htdocs\\yunsuDoc\\runtime\\log\\',
)

[ 2016-10-01T00:08:17+08:00 ] 127.0.0.1 127.0.0.1 GET /ueditor/third-party/jquery-3.0.0.min.js
[ log ] yunsudoc.com/ueditor/third-party/jquery-3.0.0.min.js [运行时间：0.048088s][吞吐率：20.80req/s] [内存消耗：846.94kb] [文件加载：25]
[ info ] [ ROUTE ] array (
  'type' => 'module',
  'module' => 
  array (
    0 => 'ueditor',
    1 => 'third-party',
    2 => 'jquery-3.0.0.min.js',
  ),
)
[ info ] [ LANG ] D:\xampp\htdocs\yunsuDoc\thinkphp\lang\zh-cn.php
[ info ] [ LOG ] INIT File: array (
  'path' => 'D:\\xampp\\htdocs\\yunsuDoc\\runtime\\log\\',
)

[ 2016-10-01T00:15:41+08:00 ] 127.0.0.1 127.0.0.1 GET /
[ log ] yunsudoc.com/ [运行时间：0.118269s][吞吐率：8.46req/s] [内存消耗：1,806.94kb] [文件加载：37]
[ info ] [ ROUTE ] array (
  'type' => 'module',
  'module' => 
  array (
    0 => '',
    1 => NULL,
    2 => NULL,
  ),
)
[ info ] [ RUN ] Method [ <user> public method index ] {
  @@ D:\xampp\htdocs\yunsuDoc\application\home\controller\Index.php 9 - 14
}

[ info ] [ DB ] INIT mysql:array (
  'type' => 'mysql',
  'dsn' => '',
  'hostname' => '127.0.0.1',
  'database' => 'yunsu_doc',
  'username' => 'root',
  'password' => '123456',
  'hostport' => '3306',
  'params' => 
  array (
    0 => 100,
  ),
  'charset' => 'utf8',
  'prefix' => '',
  'debug' => true,
  'deploy' => 0,
  'rw_separate' => false,
  'master_num' => 1,
  'slave_no' => '',
  'fields_strict' => true,
  'auto_timestamp' => false,
  'resultset_type' => 'array',
  'sql_explain' => false,
)
[ info ] [ DB ] CONNECT: mysql:dbname=yunsu_doc;host=127.0.0.1;port=3306;charset=utf8
[ info ] [ VIEW ] D:\xampp\htdocs\yunsuDoc/application/home\view\index\index.html [ array (
  0 => 'linksList',
) ]
[ info ] [ LOG ] INIT File: array (
  'path' => 'D:\\xampp\\htdocs\\yunsuDoc\\runtime\\log\\',
)
[ sql ] [ SQL ] SELECT * FROM `links`  [ RunTime:0.000837s ]

