[ 2016-10-08T15:45:33+02:00 ] 127.0.0.1 127.0.0.1 GET /favicon.ico
[ log ] yunsudoc.com/favicon.ico [运行时间：0.047294s][吞吐率：21.14req/s] [内存消耗：562.00kb] [文件加载：18]
[ info ] [ LANG ] D:\xampp\htdocs\yunsuDoc\thinkphp\lang\zh-cn.php
[ info ] [ LOG ] INIT File: array (
  'path' => 'D:\\xampp\\htdocs\\yunsuDoc\\runtime\\log\\',
  'level' => 
  array (
  ),
)

[ 2016-10-08T21:45:33+08:00 ] 127.0.0.1 127.0.0.1 GET /
[ log ] yunsudoc.com/ [运行时间：0.119707s][吞吐率：8.35req/s] [内存消耗：1,806.85kb] [文件加载：37]
[ info ] [ ROUTE ] array (
  'type' => 'module',
  'module' => 
  array (
    0 => '',
    1 => NULL,
    2 => NULL,
  ),
)
[ info ] [ RUN ] Method [ <user> public method index ] {
  @@ D:\xampp\htdocs\yunsuDoc\application\home\controller\Index.php 9 - 14
}

[ info ] [ DB ] INIT mysql:array (
  'type' => 'mysql',
  'dsn' => '',
  'hostname' => '127.0.0.1',
  'database' => 'yunsu_doc',
  'username' => 'root',
  'password' => '123456',
  'hostport' => '3306',
  'params' => 
  array (
    0 => 100,
  ),
  'charset' => 'utf8',
  'prefix' => '',
  'debug' => true,
  'deploy' => 0,
  'rw_separate' => false,
  'master_num' => 1,
  'slave_no' => '',
  'fields_strict' => true,
  'auto_timestamp' => false,
  'resultset_type' => 'array',
  'sql_explain' => false,
)
[ info ] [ DB ] CONNECT: mysql:dbname=yunsu_doc;host=127.0.0.1;port=3306;charset=utf8
[ info ] [ VIEW ] D:\xampp\htdocs\yunsuDoc/application/home\view\index\index.html [ array (
  0 => 'linksList',
) ]
[ info ] [ LOG ] INIT File: array (
  'path' => 'D:\\xampp\\htdocs\\yunsuDoc\\runtime\\log\\',
)
[ sql ] [ SQL ] SELECT * FROM `links`  [ RunTime:0.001057s ]

[ 2016-10-08T15:45:34+02:00 ] 127.0.0.1 127.0.0.1 GET /favicon.ico
[ log ] yunsudoc.com/favicon.ico [运行时间：0.028612s][吞吐率：34.95req/s] [内存消耗：561.63kb] [文件加载：18]
[ info ] [ LANG ] D:\xampp\htdocs\yunsuDoc\thinkphp\lang\zh-cn.php
[ info ] [ LOG ] INIT File: array (
  'path' => 'D:\\xampp\\htdocs\\yunsuDoc\\runtime\\log\\',
  'level' => 
  array (
  ),
)

[ 2016-10-08T15:54:36+02:00 ] 127.0.0.1 127.0.0.1 GET /favicon.ico
[ log ] yunsudoc.com/favicon.ico [运行时间：0.030304s][吞吐率：33.00req/s] [内存消耗：561.59kb] [文件加载：18]
[ info ] [ LANG ] D:\xampp\htdocs\yunsuDoc\thinkphp\lang\zh-cn.php
[ info ] [ LOG ] INIT File: array (
  'path' => 'D:\\xampp\\htdocs\\yunsuDoc\\runtime\\log\\',
  'level' => 
  array (
  ),
)

[ 2016-10-08T21:54:41+08:00 ] 127.0.0.1 127.0.0.1 GET /
[ log ] yunsudoc.com/ [运行时间：0.098779s][吞吐率：10.12req/s] [内存消耗：1,806.92kb] [文件加载：37]
[ info ] [ ROUTE ] array (
  'type' => 'module',
  'module' => 
  array (
    0 => '',
    1 => NULL,
    2 => NULL,
  ),
)
[ info ] [ RUN ] Method [ <user> public method index ] {
  @@ D:\xampp\htdocs\yunsuDoc\application\home\controller\Index.php 9 - 14
}

[ info ] [ DB ] INIT mysql:array (
  'type' => 'mysql',
  'dsn' => '',
  'hostname' => '127.0.0.1',
  'database' => 'yunsu_doc',
  'username' => 'root',
  'password' => '123456',
  'hostport' => '3306',
  'params' => 
  array (
    0 => 100,
  ),
  'charset' => 'utf8',
  'prefix' => '',
  'debug' => true,
  'deploy' => 0,
  'rw_separate' => false,
  'master_num' => 1,
  'slave_no' => '',
  'fields_strict' => true,
  'auto_timestamp' => false,
  'resultset_type' => 'array',
  'sql_explain' => false,
)
[ info ] [ DB ] CONNECT: mysql:dbname=yunsu_doc;host=127.0.0.1;port=3306;charset=utf8
[ info ] [ VIEW ] D:\xampp\htdocs\yunsuDoc/application/home\view\index\index.html [ array (
  0 => 'linksList',
) ]
[ info ] [ LOG ] INIT File: array (
  'path' => 'D:\\xampp\\htdocs\\yunsuDoc\\runtime\\log\\',
)
[ sql ] [ SQL ] SELECT * FROM `links`  [ RunTime:0.000801s ]

[ 2016-10-08T17:47:32+02:00 ] 127.0.0.1 127.0.0.1 GET /favicon.ico
[ log ] yunsudoc.com/favicon.ico [运行时间：0.047982s][吞吐率：20.84req/s] [内存消耗：562.01kb] [文件加载：18]
[ info ] [ LANG ] D:\xampp\htdocs\yunsuDoc\thinkphp\lang\zh-cn.php
[ info ] [ LOG ] INIT File: array (
  'path' => 'D:\\xampp\\htdocs\\yunsuDoc\\runtime\\log\\',
  'level' => 
  array (
  ),
)

[ 2016-10-08T18:12:13+02:00 ] 127.0.0.1 127.0.0.1 GET /favicon.ico
[ log ] yunsudoc.com/favicon.ico [运行时间：0.045206s][吞吐率：22.12req/s] [内存消耗：561.63kb] [文件加载：18]
[ info ] [ LANG ] D:\xampp\htdocs\yunsuDoc\thinkphp\lang\zh-cn.php
[ info ] [ LOG ] INIT File: array (
  'path' => 'D:\\xampp\\htdocs\\yunsuDoc\\runtime\\log\\',
  'level' => 
  array (
  ),
)

