[ 2016-10-12T00:09:47+08:00 ] 127.0.0.1 127.0.0.1 GET /
[ log ] yunsudoc.com/ [运行时间：0.116649s][吞吐率：8.57req/s] [内存消耗：1,806.84kb] [文件加载：37]
[ info ] [ ROUTE ] array (
  'type' => 'module',
  'module' => 
  array (
    0 => '',
    1 => NULL,
    2 => NULL,
  ),
)
[ info ] [ RUN ] Method [ <user> public method index ] {
  @@ D:\xampp\htdocs\yunsuDoc\application\home\controller\Index.php 9 - 14
}

[ info ] [ DB ] INIT mysql:array (
  'type' => 'mysql',
  'dsn' => '',
  'hostname' => 'localhost',
  'database' => 'yunsu_doc',
  'username' => 'root',
  'password' => '123456',
  'hostport' => '3306',
  'params' => 
  array (
    0 => 100,
  ),
  'charset' => 'utf8',
  'prefix' => '',
  'debug' => true,
  'deploy' => 0,
  'rw_separate' => false,
  'master_num' => 1,
  'slave_no' => '',
  'fields_strict' => true,
  'auto_timestamp' => false,
  'resultset_type' => 'array',
  'sql_explain' => false,
)
[ info ] [ DB ] CONNECT: mysql:dbname=yunsu_doc;host=localhost;port=3306;charset=utf8
[ info ] [ VIEW ] D:\xampp\htdocs\yunsuDoc/application/home\view\index\index.html [ array (
  0 => 'linksList',
) ]
[ info ] [ LOG ] INIT File: array (
  'path' => 'D:\\xampp\\htdocs\\yunsuDoc\\runtime\\log\\',
)
[ sql ] [ SQL ] SELECT * FROM `links`  [ RunTime:0.000674s ]

[ 2016-10-12T00:09:48+08:00 ] 127.0.0.1 127.0.0.1 GET /css/app.png
[ log ] yunsudoc.com/css/app.png [运行时间：0.046395s][吞吐率：21.55req/s] [内存消耗：847.11kb] [文件加载：25]
[ info ] [ ROUTE ] array (
  'type' => 'module',
  'module' => 
  array (
    0 => 'css',
    1 => 'app.png',
    2 => NULL,
  ),
)
[ info ] [ LANG ] D:\xampp\htdocs\yunsuDoc\thinkphp\lang\zh-cn.php
[ info ] [ LOG ] INIT File: array (
  'path' => 'D:\\xampp\\htdocs\\yunsuDoc\\runtime\\log\\',
)

[ 2016-10-12T00:09:50+08:00 ] 127.0.0.1 127.0.0.1 GET /home/task/show
[ log ] yunsudoc.com/home/task/show [运行时间：0.044915s][吞吐率：22.26req/s] [内存消耗：847.39kb] [文件加载：25]
[ info ] [ ROUTE ] array (
  'type' => 'module',
  'module' => 
  array (
    0 => 'home',
    1 => 'task',
    2 => 'show',
  ),
)
[ info ] [ LANG ] D:\xampp\htdocs\yunsuDoc\thinkphp\lang\zh-cn.php
[ info ] [ LOG ] INIT File: array (
  'path' => 'D:\\xampp\\htdocs\\yunsuDoc\\runtime\\log\\',
)

[ 2016-10-12T00:24:33+08:00 ] 127.0.0.1 127.0.0.1 GET /
[ log ] yunsudoc.com/ [运行时间：0.118386s][吞吐率：8.45req/s] [内存消耗：1,812.85kb] [文件加载：37]
[ info ] [ ROUTE ] array (
  'type' => 'module',
  'module' => 
  array (
    0 => '',
    1 => NULL,
    2 => NULL,
  ),
)
[ info ] [ RUN ] Method [ <user> public method index ] {
  @@ D:\xampp\htdocs\yunsuDoc\application\home\controller\Index.php 9 - 14
}

[ info ] [ DB ] INIT mysql:array (
  'type' => 'mysql',
  'dsn' => '',
  'hostname' => 'localhost',
  'database' => 'yunsu_doc',
  'username' => 'root',
  'password' => '123456',
  'hostport' => '3306',
  'params' => 
  array (
    0 => 100,
  ),
  'charset' => 'utf8',
  'prefix' => '',
  'debug' => true,
  'deploy' => 0,
  'rw_separate' => false,
  'master_num' => 1,
  'slave_no' => '',
  'fields_strict' => true,
  'auto_timestamp' => false,
  'resultset_type' => 'array',
  'sql_explain' => false,
)
[ info ] [ DB ] CONNECT: mysql:dbname=yunsu_doc;host=localhost;port=3306;charset=utf8
[ info ] [ VIEW ] D:\xampp\htdocs\yunsuDoc/application/home\view\index\index.html [ array (
  0 => 'linksList',
) ]
[ info ] [ LOG ] INIT File: array (
  'path' => 'D:\\xampp\\htdocs\\yunsuDoc\\runtime\\log\\',
)
[ sql ] [ SQL ] SELECT * FROM `links`  [ RunTime:0.001010s ]

[ 2016-10-12T00:24:33+08:00 ] 127.0.0.1 127.0.0.1 GET /css/app.png
[ log ] yunsudoc.com/css/app.png [运行时间：0.047077s][吞吐率：21.24req/s] [内存消耗：852.66kb] [文件加载：25]
[ info ] [ ROUTE ] array (
  'type' => 'module',
  'module' => 
  array (
    0 => 'css',
    1 => 'app.png',
    2 => NULL,
  ),
)
[ info ] [ LANG ] D:\xampp\htdocs\yunsuDoc\thinkphp\lang\zh-cn.php
[ info ] [ LOG ] INIT File: array (
  'path' => 'D:\\xampp\\htdocs\\yunsuDoc\\runtime\\log\\',
)

[ 2016-10-12T00:24:34+08:00 ] 127.0.0.1 127.0.0.1 GET /home/user/login
[ log ] yunsudoc.com/home/user/login [运行时间：0.056349s][吞吐率：17.75req/s] [内存消耗：1,059.59kb] [文件加载：28]
[ info ] [ ROUTE ] array (
  'type' => 'module',
  'module' => 
  array (
    0 => 'home',
    1 => 'user',
    2 => 'login',
  ),
)
[ info ] [ RUN ] /**
     * 登录
     * @return [type] [description]
     */
Method [ <user> public method login ] {
  @@ D:\xampp\htdocs\yunsuDoc\application\home\controller\User.php 15 - 135
}

[ info ] [ VIEW ] D:\xampp\htdocs\yunsuDoc/application/home\view\user\login.html [ array (
) ]
[ info ] [ LOG ] INIT File: array (
  'path' => 'D:\\xampp\\htdocs\\yunsuDoc\\runtime\\log\\',
)

[ 2016-10-12T00:24:34+08:00 ] 127.0.0.1 127.0.0.1 GET /home/user/ueditor/third-party/jquery-1.10.2.min.js
[ log ] yunsudoc.com/home/user/ueditor/third-party/jquery-1.10.2.min.js [运行时间：0.054978s][吞吐率：18.19req/s] [内存消耗：1,148.48kb] [文件加载：32]
[ info ] [ ROUTE ] array (
  'type' => 'module',
  'module' => 
  array (
    0 => 'home',
    1 => 'user',
    2 => 'ueditor',
  ),
)
[ info ] [ LANG ] D:\xampp\htdocs\yunsuDoc\thinkphp\lang\zh-cn.php
[ info ] [ LOG ] INIT File: array (
  'path' => 'D:\\xampp\\htdocs\\yunsuDoc\\runtime\\log\\',
)

[ 2016-10-12T00:27:41+08:00 ] 127.0.0.1 127.0.0.1 GET /home/user/login
[ log ] yunsudoc.com/home/user/login [运行时间：0.064342s][吞吐率：15.54req/s] [内存消耗：1,204.17kb] [文件加载：30]
[ info ] [ ROUTE ] array (
  'type' => 'module',
  'module' => 
  array (
    0 => 'home',
    1 => 'user',
    2 => 'login',
  ),
)
[ info ] [ RUN ] /**
     * 登录
     * @return [type] [description]
     */
Method [ <user> public method login ] {
  @@ D:\xampp\htdocs\yunsuDoc\application\home\controller\User.php 15 - 135
}

[ info ] [ VIEW ] D:\xampp\htdocs\yunsuDoc/application/home\view\user\login.html [ array (
) ]
[ info ] [ LOG ] INIT File: array (
  'path' => 'D:\\xampp\\htdocs\\yunsuDoc\\runtime\\log\\',
)

[ 2016-10-12T00:27:50+08:00 ] 127.0.0.1 127.0.0.1 GET /home/user/login
[ log ] yunsudoc.com/home/user/login [运行时间：0.056098s][吞吐率：17.83req/s] [内存消耗：1,059.52kb] [文件加载：28]
[ info ] [ ROUTE ] array (
  'type' => 'module',
  'module' => 
  array (
    0 => 'home',
    1 => 'user',
    2 => 'login',
  ),
)
[ info ] [ RUN ] /**
     * 登录
     * @return [type] [description]
     */
Method [ <user> public method login ] {
  @@ D:\xampp\htdocs\yunsuDoc\application\home\controller\User.php 15 - 135
}

[ info ] [ VIEW ] D:\xampp\htdocs\yunsuDoc/application/home\view\user\login.html [ array (
) ]
[ info ] [ LOG ] INIT File: array (
  'path' => 'D:\\xampp\\htdocs\\yunsuDoc\\runtime\\log\\',
)

[ 2016-10-12T00:27:54+08:00 ] 127.0.0.1 127.0.0.1 GET /home/user/index.js.map
[ log ] yunsudoc.com/home/user/index.js.map [运行时间：0.063668s][吞吐率：15.71req/s] [内存消耗：1,147.71kb] [文件加载：32]
[ info ] [ ROUTE ] array (
  'type' => 'module',
  'module' => 
  array (
    0 => 'home',
    1 => 'user',
    2 => 'index.js.map',
  ),
)
[ info ] [ LANG ] D:\xampp\htdocs\yunsuDoc\thinkphp\lang\zh-cn.php
[ info ] [ LOG ] INIT File: array (
  'path' => 'D:\\xampp\\htdocs\\yunsuDoc\\runtime\\log\\',
)

[ 2016-10-12T00:28:11+08:00 ] 127.0.0.1 127.0.0.1 GET /home/user/login
[ log ] yunsudoc.com/home/user/login [运行时间：0.055960s][吞吐率：17.87req/s] [内存消耗：1,059.62kb] [文件加载：28]
[ info ] [ ROUTE ] array (
  'type' => 'module',
  'module' => 
  array (
    0 => 'home',
    1 => 'user',
    2 => 'login',
  ),
)
[ info ] [ RUN ] /**
     * 登录
     * @return [type] [description]
     */
Method [ <user> public method login ] {
  @@ D:\xampp\htdocs\yunsuDoc\application\home\controller\User.php 15 - 135
}

[ info ] [ VIEW ] D:\xampp\htdocs\yunsuDoc/application/home\view\user\login.html [ array (
) ]
[ info ] [ LOG ] INIT File: array (
  'path' => 'D:\\xampp\\htdocs\\yunsuDoc\\runtime\\log\\',
)

[ 2016-10-12T00:28:13+08:00 ] 127.0.0.1 127.0.0.1 GET /home/user/login
[ log ] yunsudoc.com/home/user/login [运行时间：0.044878s][吞吐率：22.28req/s] [内存消耗：1,059.62kb] [文件加载：28]
[ info ] [ ROUTE ] array (
  'type' => 'module',
  'module' => 
  array (
    0 => 'home',
    1 => 'user',
    2 => 'login',
  ),
)
[ info ] [ RUN ] /**
     * 登录
     * @return [type] [description]
     */
Method [ <user> public method login ] {
  @@ D:\xampp\htdocs\yunsuDoc\application\home\controller\User.php 15 - 135
}

[ info ] [ VIEW ] D:\xampp\htdocs\yunsuDoc/application/home\view\user\login.html [ array (
) ]
[ info ] [ LOG ] INIT File: array (
  'path' => 'D:\\xampp\\htdocs\\yunsuDoc\\runtime\\log\\',
)

[ 2016-10-12T00:28:15+08:00 ] 127.0.0.1 127.0.0.1 GET /home/user/login
[ log ] yunsudoc.com/home/user/login [运行时间：0.044383s][吞吐率：22.53req/s] [内存消耗：1,059.62kb] [文件加载：28]
[ info ] [ ROUTE ] array (
  'type' => 'module',
  'module' => 
  array (
    0 => 'home',
    1 => 'user',
    2 => 'login',
  ),
)
[ info ] [ RUN ] /**
     * 登录
     * @return [type] [description]
     */
Method [ <user> public method login ] {
  @@ D:\xampp\htdocs\yunsuDoc\application\home\controller\User.php 15 - 135
}

[ info ] [ VIEW ] D:\xampp\htdocs\yunsuDoc/application/home\view\user\login.html [ array (
) ]
[ info ] [ LOG ] INIT File: array (
  'path' => 'D:\\xampp\\htdocs\\yunsuDoc\\runtime\\log\\',
)

[ 2016-10-12T00:28:22+08:00 ] 127.0.0.1 127.0.0.1 GET /home/user/login
[ log ] yunsudoc.com/home/user/login [运行时间：0.046146s][吞吐率：21.67req/s] [内存消耗：1,059.62kb] [文件加载：28]
[ info ] [ ROUTE ] array (
  'type' => 'module',
  'module' => 
  array (
    0 => 'home',
    1 => 'user',
    2 => 'login',
  ),
)
[ info ] [ RUN ] /**
     * 登录
     * @return [type] [description]
     */
Method [ <user> public method login ] {
  @@ D:\xampp\htdocs\yunsuDoc\application\home\controller\User.php 15 - 135
}

[ info ] [ VIEW ] D:\xampp\htdocs\yunsuDoc/application/home\view\user\login.html [ array (
) ]
[ info ] [ LOG ] INIT File: array (
  'path' => 'D:\\xampp\\htdocs\\yunsuDoc\\runtime\\log\\',
)

[ 2016-10-12T00:28:25+08:00 ] 127.0.0.1 127.0.0.1 POST /home/user/login
[ log ] yunsudoc.com/home/user/login [运行时间：0.045320s][吞吐率：22.07req/s] [内存消耗：1,059.91kb] [文件加载：28]
[ info ] [ ROUTE ] array (
  'type' => 'module',
  'module' => 
  array (
    0 => 'home',
    1 => 'user',
    2 => 'login',
  ),
)
[ info ] [ RUN ] /**
     * 登录
     * @return [type] [description]
     */
Method [ <user> public method login ] {
  @@ D:\xampp\htdocs\yunsuDoc\application\home\controller\User.php 15 - 135
}

[ info ] [ VIEW ] D:\xampp\htdocs\yunsuDoc/application/home\view\user\login.html [ array (
) ]
[ info ] [ LOG ] INIT File: array (
  'path' => 'D:\\xampp\\htdocs\\yunsuDoc\\runtime\\log\\',
)

[ 2016-10-12T00:28:30+08:00 ] 127.0.0.1 127.0.0.1 POST /home/user/login
[ log ] yunsudoc.com/home/user/login [运行时间：0.044026s][吞吐率：22.71req/s] [内存消耗：1,059.91kb] [文件加载：28]
[ info ] [ ROUTE ] array (
  'type' => 'module',
  'module' => 
  array (
    0 => 'home',
    1 => 'user',
    2 => 'login',
  ),
)
[ info ] [ RUN ] /**
     * 登录
     * @return [type] [description]
     */
Method [ <user> public method login ] {
  @@ D:\xampp\htdocs\yunsuDoc\application\home\controller\User.php 15 - 135
}

[ info ] [ VIEW ] D:\xampp\htdocs\yunsuDoc/application/home\view\user\login.html [ array (
) ]
[ info ] [ LOG ] INIT File: array (
  'path' => 'D:\\xampp\\htdocs\\yunsuDoc\\runtime\\log\\',
)

[ 2016-10-12T00:29:14+08:00 ] 127.0.0.1 127.0.0.1 POST /home/user/login
[ log ] yunsudoc.com/home/user/login [运行时间：0.052117s][吞吐率：19.19req/s] [内存消耗：1,204.44kb] [文件加载：30]
[ info ] [ ROUTE ] array (
  'type' => 'module',
  'module' => 
  array (
    0 => 'home',
    1 => 'user',
    2 => 'login',
  ),
)
[ info ] [ RUN ] /**
     * 登录
     * @return [type] [description]
     */
Method [ <user> public method login ] {
  @@ D:\xampp\htdocs\yunsuDoc\application\home\controller\User.php 15 - 135
}

[ info ] [ VIEW ] D:\xampp\htdocs\yunsuDoc/application/home\view\user\login.html [ array (
) ]
[ info ] [ LOG ] INIT File: array (
  'path' => 'D:\\xampp\\htdocs\\yunsuDoc\\runtime\\log\\',
)

[ 2016-10-12T00:31:37+08:00 ] 127.0.0.1 127.0.0.1 POST /home/user/login
[ log ] yunsudoc.com/home/user/login [运行时间：0.063152s][吞吐率：15.83req/s] [内存消耗：1,202.30kb] [文件加载：30]
[ info ] [ ROUTE ] array (
  'type' => 'module',
  'module' => 
  array (
    0 => 'home',
    1 => 'user',
    2 => 'login',
  ),
)
[ info ] [ RUN ] /**
     * 登录
     * @return [type] [description]
     */
Method [ <user> public method login ] {
  @@ D:\xampp\htdocs\yunsuDoc\application\home\controller\User.php 15 - 135
}

[ info ] [ VIEW ] D:\xampp\htdocs\yunsuDoc/application/home\view\user\login.html [ array (
) ]
[ info ] [ LOG ] INIT File: array (
  'path' => 'D:\\xampp\\htdocs\\yunsuDoc\\runtime\\log\\',
)

[ 2016-10-12T00:31:41+08:00 ] 127.0.0.1 127.0.0.1 POST /home/user/login
[ log ] yunsudoc.com/home/user/login [运行时间：0.048446s][吞吐率：20.64req/s] [内存消耗：1,059.87kb] [文件加载：28]
[ info ] [ ROUTE ] array (
  'type' => 'module',
  'module' => 
  array (
    0 => 'home',
    1 => 'user',
    2 => 'login',
  ),
)
[ info ] [ RUN ] /**
     * 登录
     * @return [type] [description]
     */
Method [ <user> public method login ] {
  @@ D:\xampp\htdocs\yunsuDoc\application\home\controller\User.php 15 - 135
}

[ info ] [ VIEW ] D:\xampp\htdocs\yunsuDoc/application/home\view\user\login.html [ array (
) ]
[ info ] [ LOG ] INIT File: array (
  'path' => 'D:\\xampp\\htdocs\\yunsuDoc\\runtime\\log\\',
)

[ 2016-10-12T00:38:38+08:00 ] 127.0.0.1 127.0.0.1 GET /home/user/login
[ log ] yunsudoc.com/home/user/login [运行时间：0.061246s][吞吐率：16.33req/s] [内存消耗：1,200.25kb] [文件加载：30]
[ info ] [ ROUTE ] array (
  'type' => 'module',
  'module' => 
  array (
    0 => 'home',
    1 => 'user',
    2 => 'login',
  ),
)
[ info ] [ RUN ] /**
     * 登录
     * @return [type] [description]
     */
Method [ <user> public method login ] {
  @@ D:\xampp\htdocs\yunsuDoc\application\home\controller\User.php 15 - 135
}

[ info ] [ VIEW ] D:\xampp\htdocs\yunsuDoc/application/home\view\user\login.html [ array (
) ]
[ info ] [ LOG ] INIT File: array (
  'path' => 'D:\\xampp\\htdocs\\yunsuDoc\\runtime\\log\\',
)

[ 2016-10-12T00:38:44+08:00 ] 127.0.0.1 127.0.0.1 GET /home/user/login
[ log ] yunsudoc.com/home/user/login [运行时间：0.058201s][吞吐率：17.18req/s] [内存消耗：1,059.64kb] [文件加载：28]
[ info ] [ ROUTE ] array (
  'type' => 'module',
  'module' => 
  array (
    0 => 'home',
    1 => 'user',
    2 => 'login',
  ),
)
[ info ] [ RUN ] /**
     * 登录
     * @return [type] [description]
     */
Method [ <user> public method login ] {
  @@ D:\xampp\htdocs\yunsuDoc\application\home\controller\User.php 15 - 135
}

[ info ] [ VIEW ] D:\xampp\htdocs\yunsuDoc/application/home\view\user\login.html [ array (
) ]
[ info ] [ LOG ] INIT File: array (
  'path' => 'D:\\xampp\\htdocs\\yunsuDoc\\runtime\\log\\',
)

[ 2016-10-12T00:40:09+08:00 ] 127.0.0.1 127.0.0.1 GET /home/user/login
[ log ] yunsudoc.com/home/user/login [运行时间：0.053652s][吞吐率：18.64req/s] [内存消耗：1,200.38kb] [文件加载：30]
[ info ] [ ROUTE ] array (
  'type' => 'module',
  'module' => 
  array (
    0 => 'home',
    1 => 'user',
    2 => 'login',
  ),
)
[ info ] [ RUN ] /**
     * 登录
     * @return [type] [description]
     */
Method [ <user> public method login ] {
  @@ D:\xampp\htdocs\yunsuDoc\application\home\controller\User.php 15 - 135
}

[ info ] [ VIEW ] D:\xampp\htdocs\yunsuDoc/application/home\view\user\login.html [ array (
) ]
[ info ] [ LOG ] INIT File: array (
  'path' => 'D:\\xampp\\htdocs\\yunsuDoc\\runtime\\log\\',
)

[ 2016-10-12T00:40:14+08:00 ] 127.0.0.1 127.0.0.1 GET /home/user/login
[ log ] yunsudoc.com/home/user/login [运行时间：0.055617s][吞吐率：17.98req/s] [内存消耗：1,059.64kb] [文件加载：28]
[ info ] [ ROUTE ] array (
  'type' => 'module',
  'module' => 
  array (
    0 => 'home',
    1 => 'user',
    2 => 'login',
  ),
)
[ info ] [ RUN ] /**
     * 登录
     * @return [type] [description]
     */
Method [ <user> public method login ] {
  @@ D:\xampp\htdocs\yunsuDoc\application\home\controller\User.php 15 - 135
}

[ info ] [ VIEW ] D:\xampp\htdocs\yunsuDoc/application/home\view\user\login.html [ array (
) ]
[ info ] [ LOG ] INIT File: array (
  'path' => 'D:\\xampp\\htdocs\\yunsuDoc\\runtime\\log\\',
)

[ 2016-10-12T00:41:30+08:00 ] 127.0.0.1 127.0.0.1 GET /home/user/login
[ log ] yunsudoc.com/home/user/login [运行时间：0.063369s][吞吐率：15.78req/s] [内存消耗：1,200.66kb] [文件加载：30]
[ info ] [ ROUTE ] array (
  'type' => 'module',
  'module' => 
  array (
    0 => 'home',
    1 => 'user',
    2 => 'login',
  ),
)
[ info ] [ RUN ] /**
     * 登录
     * @return [type] [description]
     */
Method [ <user> public method login ] {
  @@ D:\xampp\htdocs\yunsuDoc\application\home\controller\User.php 15 - 135
}

[ info ] [ VIEW ] D:\xampp\htdocs\yunsuDoc/application/home\view\user\login.html [ array (
) ]
[ info ] [ LOG ] INIT File: array (
  'path' => 'D:\\xampp\\htdocs\\yunsuDoc\\runtime\\log\\',
)

