[ 2016-10-20T00:01:46+08:00 ] 127.0.0.1 127.0.0.1 GET /home/task/add?mc=3
[ log ] yunsudoc.com/home/task/add?mc=3 [运行时间：0.104601s][吞吐率：9.56req/s] [内存消耗：1,814.42kb] [文件加载：37]
[ info ] [ ROUTE ] array (
  'type' => 'module',
  'module' => 
  array (
    0 => 'home',
    1 => 'task',
    2 => 'add',
  ),
)
[ info ] [ RUN ] Method [ <user> public method add ] {
  @@ D:\xampp\htdocs\yunsuDoc\application\home\controller\Task.php 29 - 46
}

[ info ] [ DB ] INIT mysql:array (
  'type' => 'mysql',
  'dsn' => '',
  'hostname' => 'localhost',
  'database' => 'yunsu_doc',
  'username' => 'root',
  'password' => '123456',
  'hostport' => '3306',
  'params' => 
  array (
    0 => 100,
  ),
  'charset' => 'utf8',
  'prefix' => '',
  'debug' => true,
  'deploy' => 0,
  'rw_separate' => false,
  'master_num' => 1,
  'slave_no' => '',
  'fields_strict' => true,
  'auto_timestamp' => false,
  'resultset_type' => 'array',
  'sql_explain' => false,
)
[ info ] [ DB ] CONNECT: mysql:dbname=yunsu_doc;host=localhost;port=3306;charset=utf8
[ info ] [ VIEW ] D:\xampp\htdocs\yunsuDoc/application/home\view\task\add.html [ array (
  0 => 'taskid',
  1 => 'taskList',
) ]
[ info ] [ LOG ] INIT File: array (
  'path' => 'D:\\xampp\\htdocs\\yunsuDoc\\runtime\\log\\',
)
[ sql ] [ SQL ] SELECT * FROM `tasks` WHERE  `year` = '2016'  AND `month` = '10'  AND `day` = '20'  AND `athname` = '陈万洲' LIMIT 1       [ RunTime:0.000905s ]

[ 2016-10-20T00:01:56+08:00 ] 127.0.0.1 127.0.0.1 GET /home/task/add?mc=3
[ log ] yunsudoc.com/home/task/add?mc=3 [运行时间：0.093229s][吞吐率：10.73req/s] [内存消耗：1,814.43kb] [文件加载：37]
[ info ] [ ROUTE ] array (
  'type' => 'module',
  'module' => 
  array (
    0 => 'home',
    1 => 'task',
    2 => 'add',
  ),
)
[ info ] [ RUN ] Method [ <user> public method add ] {
  @@ D:\xampp\htdocs\yunsuDoc\application\home\controller\Task.php 29 - 46
}

[ info ] [ DB ] INIT mysql:array (
  'type' => 'mysql',
  'dsn' => '',
  'hostname' => 'localhost',
  'database' => 'yunsu_doc',
  'username' => 'root',
  'password' => '123456',
  'hostport' => '3306',
  'params' => 
  array (
    0 => 100,
  ),
  'charset' => 'utf8',
  'prefix' => '',
  'debug' => true,
  'deploy' => 0,
  'rw_separate' => false,
  'master_num' => 1,
  'slave_no' => '',
  'fields_strict' => true,
  'auto_timestamp' => false,
  'resultset_type' => 'array',
  'sql_explain' => false,
)
[ info ] [ DB ] CONNECT: mysql:dbname=yunsu_doc;host=localhost;port=3306;charset=utf8
[ info ] [ VIEW ] D:\xampp\htdocs\yunsuDoc/application/home\view\task\add.html [ array (
  0 => 'taskid',
  1 => 'taskList',
) ]
[ info ] [ LOG ] INIT File: array (
  'path' => 'D:\\xampp\\htdocs\\yunsuDoc\\runtime\\log\\',
)
[ sql ] [ SQL ] SELECT * FROM `tasks` WHERE  `year` = '2016'  AND `month` = '10'  AND `day` = '20'  AND `athname` = '陈万洲' LIMIT 1       [ RunTime:0.000987s ]

[ 2016-10-20T00:02:38+08:00 ] 127.0.0.1 127.0.0.1 GET /home/task/add?mc=3
[ log ] yunsudoc.com/home/task/add?mc=3 [运行时间：0.079193s][吞吐率：12.63req/s] [内存消耗：1,814.43kb] [文件加载：37]
[ info ] [ ROUTE ] array (
  'type' => 'module',
  'module' => 
  array (
    0 => 'home',
    1 => 'task',
    2 => 'add',
  ),
)
[ info ] [ RUN ] Method [ <user> public method add ] {
  @@ D:\xampp\htdocs\yunsuDoc\application\home\controller\Task.php 29 - 46
}

[ info ] [ DB ] INIT mysql:array (
  'type' => 'mysql',
  'dsn' => '',
  'hostname' => 'localhost',
  'database' => 'yunsu_doc',
  'username' => 'root',
  'password' => '123456',
  'hostport' => '3306',
  'params' => 
  array (
    0 => 100,
  ),
  'charset' => 'utf8',
  'prefix' => '',
  'debug' => true,
  'deploy' => 0,
  'rw_separate' => false,
  'master_num' => 1,
  'slave_no' => '',
  'fields_strict' => true,
  'auto_timestamp' => false,
  'resultset_type' => 'array',
  'sql_explain' => false,
)
[ info ] [ DB ] CONNECT: mysql:dbname=yunsu_doc;host=localhost;port=3306;charset=utf8
[ info ] [ VIEW ] D:\xampp\htdocs\yunsuDoc/application/home\view\task\add.html [ array (
  0 => 'taskid',
  1 => 'taskList',
) ]
[ info ] [ LOG ] INIT File: array (
  'path' => 'D:\\xampp\\htdocs\\yunsuDoc\\runtime\\log\\',
)
[ sql ] [ SQL ] SELECT * FROM `tasks` WHERE  `year` = '2016'  AND `month` = '10'  AND `day` = '20'  AND `athname` = '陈万洲' LIMIT 1       [ RunTime:0.000944s ]

[ 2016-10-20T00:03:23+08:00 ] 127.0.0.1 127.0.0.1 GET /home/task/add?mc=3
[ log ] yunsudoc.com/home/task/add?mc=3 [运行时间：0.089115s][吞吐率：11.22req/s] [内存消耗：1,814.43kb] [文件加载：37]
[ info ] [ ROUTE ] array (
  'type' => 'module',
  'module' => 
  array (
    0 => 'home',
    1 => 'task',
    2 => 'add',
  ),
)
[ info ] [ RUN ] Method [ <user> public method add ] {
  @@ D:\xampp\htdocs\yunsuDoc\application\home\controller\Task.php 29 - 46
}

[ info ] [ DB ] INIT mysql:array (
  'type' => 'mysql',
  'dsn' => '',
  'hostname' => 'localhost',
  'database' => 'yunsu_doc',
  'username' => 'root',
  'password' => '123456',
  'hostport' => '3306',
  'params' => 
  array (
    0 => 100,
  ),
  'charset' => 'utf8',
  'prefix' => '',
  'debug' => true,
  'deploy' => 0,
  'rw_separate' => false,
  'master_num' => 1,
  'slave_no' => '',
  'fields_strict' => true,
  'auto_timestamp' => false,
  'resultset_type' => 'array',
  'sql_explain' => false,
)
[ info ] [ DB ] CONNECT: mysql:dbname=yunsu_doc;host=localhost;port=3306;charset=utf8
[ info ] [ VIEW ] D:\xampp\htdocs\yunsuDoc/application/home\view\task\add.html [ array (
  0 => 'taskid',
  1 => 'taskList',
) ]
[ info ] [ LOG ] INIT File: array (
  'path' => 'D:\\xampp\\htdocs\\yunsuDoc\\runtime\\log\\',
)
[ sql ] [ SQL ] SELECT * FROM `tasks` WHERE  `year` = '2016'  AND `month` = '10'  AND `day` = '20'  AND `athname` = '陈万洲' LIMIT 1       [ RunTime:0.000774s ]

[ 2016-10-20T00:04:04+08:00 ] 127.0.0.1 127.0.0.1 GET /home/task/add?mc=3
[ log ] yunsudoc.com/home/task/add?mc=3 [运行时间：0.101981s][吞吐率：9.81req/s] [内存消耗：1,814.43kb] [文件加载：37]
[ info ] [ ROUTE ] array (
  'type' => 'module',
  'module' => 
  array (
    0 => 'home',
    1 => 'task',
    2 => 'add',
  ),
)
[ info ] [ RUN ] Method [ <user> public method add ] {
  @@ D:\xampp\htdocs\yunsuDoc\application\home\controller\Task.php 29 - 46
}

[ info ] [ DB ] INIT mysql:array (
  'type' => 'mysql',
  'dsn' => '',
  'hostname' => 'localhost',
  'database' => 'yunsu_doc',
  'username' => 'root',
  'password' => '123456',
  'hostport' => '3306',
  'params' => 
  array (
    0 => 100,
  ),
  'charset' => 'utf8',
  'prefix' => '',
  'debug' => true,
  'deploy' => 0,
  'rw_separate' => false,
  'master_num' => 1,
  'slave_no' => '',
  'fields_strict' => true,
  'auto_timestamp' => false,
  'resultset_type' => 'array',
  'sql_explain' => false,
)
[ info ] [ DB ] CONNECT: mysql:dbname=yunsu_doc;host=localhost;port=3306;charset=utf8
[ info ] [ VIEW ] D:\xampp\htdocs\yunsuDoc/application/home\view\task\add.html [ array (
  0 => 'taskid',
  1 => 'taskList',
) ]
[ info ] [ LOG ] INIT File: array (
  'path' => 'D:\\xampp\\htdocs\\yunsuDoc\\runtime\\log\\',
)
[ sql ] [ SQL ] SELECT * FROM `tasks` WHERE  `year` = '2016'  AND `month` = '10'  AND `day` = '20'  AND `athname` = '陈万洲' LIMIT 1       [ RunTime:0.000878s ]

[ 2016-10-20T00:04:06+08:00 ] 127.0.0.1 127.0.0.1 GET /home/task/add?mc=3
[ log ] yunsudoc.com/home/task/add?mc=3 [运行时间：0.088298s][吞吐率：11.33req/s] [内存消耗：1,814.43kb] [文件加载：37]
[ info ] [ ROUTE ] array (
  'type' => 'module',
  'module' => 
  array (
    0 => 'home',
    1 => 'task',
    2 => 'add',
  ),
)
[ info ] [ RUN ] Method [ <user> public method add ] {
  @@ D:\xampp\htdocs\yunsuDoc\application\home\controller\Task.php 29 - 46
}

[ info ] [ DB ] INIT mysql:array (
  'type' => 'mysql',
  'dsn' => '',
  'hostname' => 'localhost',
  'database' => 'yunsu_doc',
  'username' => 'root',
  'password' => '123456',
  'hostport' => '3306',
  'params' => 
  array (
    0 => 100,
  ),
  'charset' => 'utf8',
  'prefix' => '',
  'debug' => true,
  'deploy' => 0,
  'rw_separate' => false,
  'master_num' => 1,
  'slave_no' => '',
  'fields_strict' => true,
  'auto_timestamp' => false,
  'resultset_type' => 'array',
  'sql_explain' => false,
)
[ info ] [ DB ] CONNECT: mysql:dbname=yunsu_doc;host=localhost;port=3306;charset=utf8
[ info ] [ VIEW ] D:\xampp\htdocs\yunsuDoc/application/home\view\task\add.html [ array (
  0 => 'taskid',
  1 => 'taskList',
) ]
[ info ] [ LOG ] INIT File: array (
  'path' => 'D:\\xampp\\htdocs\\yunsuDoc\\runtime\\log\\',
)
[ sql ] [ SQL ] SELECT * FROM `tasks` WHERE  `year` = '2016'  AND `month` = '10'  AND `day` = '20'  AND `athname` = '陈万洲' LIMIT 1       [ RunTime:0.000803s ]

[ 2016-10-20T00:04:09+08:00 ] 127.0.0.1 127.0.0.1 GET /home/task/add?mc=3
[ log ] yunsudoc.com/home/task/add?mc=3 [运行时间：0.103439s][吞吐率：9.67req/s] [内存消耗：1,814.43kb] [文件加载：37]
[ info ] [ ROUTE ] array (
  'type' => 'module',
  'module' => 
  array (
    0 => 'home',
    1 => 'task',
    2 => 'add',
  ),
)
[ info ] [ RUN ] Method [ <user> public method add ] {
  @@ D:\xampp\htdocs\yunsuDoc\application\home\controller\Task.php 29 - 46
}

[ info ] [ DB ] INIT mysql:array (
  'type' => 'mysql',
  'dsn' => '',
  'hostname' => 'localhost',
  'database' => 'yunsu_doc',
  'username' => 'root',
  'password' => '123456',
  'hostport' => '3306',
  'params' => 
  array (
    0 => 100,
  ),
  'charset' => 'utf8',
  'prefix' => '',
  'debug' => true,
  'deploy' => 0,
  'rw_separate' => false,
  'master_num' => 1,
  'slave_no' => '',
  'fields_strict' => true,
  'auto_timestamp' => false,
  'resultset_type' => 'array',
  'sql_explain' => false,
)
[ info ] [ DB ] CONNECT: mysql:dbname=yunsu_doc;host=localhost;port=3306;charset=utf8
[ info ] [ VIEW ] D:\xampp\htdocs\yunsuDoc/application/home\view\task\add.html [ array (
  0 => 'taskid',
  1 => 'taskList',
) ]
[ info ] [ LOG ] INIT File: array (
  'path' => 'D:\\xampp\\htdocs\\yunsuDoc\\runtime\\log\\',
)
[ sql ] [ SQL ] SELECT * FROM `tasks` WHERE  `year` = '2016'  AND `month` = '10'  AND `day` = '20'  AND `athname` = '陈万洲' LIMIT 1       [ RunTime:0.000857s ]

[ 2016-10-20T00:04:39+08:00 ] 127.0.0.1 127.0.0.1 GET /home/task/add?mc=3
[ log ] yunsudoc.com/home/task/add?mc=3 [运行时间：0.078834s][吞吐率：12.68req/s] [内存消耗：1,814.43kb] [文件加载：37]
[ info ] [ ROUTE ] array (
  'type' => 'module',
  'module' => 
  array (
    0 => 'home',
    1 => 'task',
    2 => 'add',
  ),
)
[ info ] [ RUN ] Method [ <user> public method add ] {
  @@ D:\xampp\htdocs\yunsuDoc\application\home\controller\Task.php 29 - 46
}

[ info ] [ DB ] INIT mysql:array (
  'type' => 'mysql',
  'dsn' => '',
  'hostname' => 'localhost',
  'database' => 'yunsu_doc',
  'username' => 'root',
  'password' => '123456',
  'hostport' => '3306',
  'params' => 
  array (
    0 => 100,
  ),
  'charset' => 'utf8',
  'prefix' => '',
  'debug' => true,
  'deploy' => 0,
  'rw_separate' => false,
  'master_num' => 1,
  'slave_no' => '',
  'fields_strict' => true,
  'auto_timestamp' => false,
  'resultset_type' => 'array',
  'sql_explain' => false,
)
[ info ] [ DB ] CONNECT: mysql:dbname=yunsu_doc;host=localhost;port=3306;charset=utf8
[ info ] [ VIEW ] D:\xampp\htdocs\yunsuDoc/application/home\view\task\add.html [ array (
  0 => 'taskid',
  1 => 'taskList',
) ]
[ info ] [ LOG ] INIT File: array (
  'path' => 'D:\\xampp\\htdocs\\yunsuDoc\\runtime\\log\\',
)
[ sql ] [ SQL ] SELECT * FROM `tasks` WHERE  `year` = '2016'  AND `month` = '10'  AND `day` = '20'  AND `athname` = '陈万洲' LIMIT 1       [ RunTime:0.000905s ]

[ 2016-10-20T00:04:55+08:00 ] 127.0.0.1 127.0.0.1 GET /home/task/add?mc=3
[ log ] yunsudoc.com/home/task/add?mc=3 [运行时间：0.087962s][吞吐率：11.37req/s] [内存消耗：1,814.43kb] [文件加载：37]
[ info ] [ ROUTE ] array (
  'type' => 'module',
  'module' => 
  array (
    0 => 'home',
    1 => 'task',
    2 => 'add',
  ),
)
[ info ] [ RUN ] Method [ <user> public method add ] {
  @@ D:\xampp\htdocs\yunsuDoc\application\home\controller\Task.php 29 - 46
}

[ info ] [ DB ] INIT mysql:array (
  'type' => 'mysql',
  'dsn' => '',
  'hostname' => 'localhost',
  'database' => 'yunsu_doc',
  'username' => 'root',
  'password' => '123456',
  'hostport' => '3306',
  'params' => 
  array (
    0 => 100,
  ),
  'charset' => 'utf8',
  'prefix' => '',
  'debug' => true,
  'deploy' => 0,
  'rw_separate' => false,
  'master_num' => 1,
  'slave_no' => '',
  'fields_strict' => true,
  'auto_timestamp' => false,
  'resultset_type' => 'array',
  'sql_explain' => false,
)
[ info ] [ DB ] CONNECT: mysql:dbname=yunsu_doc;host=localhost;port=3306;charset=utf8
[ info ] [ VIEW ] D:\xampp\htdocs\yunsuDoc/application/home\view\task\add.html [ array (
  0 => 'taskid',
  1 => 'taskList',
) ]
[ info ] [ LOG ] INIT File: array (
  'path' => 'D:\\xampp\\htdocs\\yunsuDoc\\runtime\\log\\',
)
[ sql ] [ SQL ] SELECT * FROM `tasks` WHERE  `year` = '2016'  AND `month` = '10'  AND `day` = '20'  AND `athname` = '陈万洲' LIMIT 1       [ RunTime:0.000748s ]

[ 2016-10-20T00:05:09+08:00 ] 127.0.0.1 127.0.0.1 GET /home/task/add?mc=3
[ log ] yunsudoc.com/home/task/add?mc=3 [运行时间：0.079310s][吞吐率：12.61req/s] [内存消耗：1,814.43kb] [文件加载：37]
[ info ] [ ROUTE ] array (
  'type' => 'module',
  'module' => 
  array (
    0 => 'home',
    1 => 'task',
    2 => 'add',
  ),
)
[ info ] [ RUN ] Method [ <user> public method add ] {
  @@ D:\xampp\htdocs\yunsuDoc\application\home\controller\Task.php 29 - 46
}

[ info ] [ DB ] INIT mysql:array (
  'type' => 'mysql',
  'dsn' => '',
  'hostname' => 'localhost',
  'database' => 'yunsu_doc',
  'username' => 'root',
  'password' => '123456',
  'hostport' => '3306',
  'params' => 
  array (
    0 => 100,
  ),
  'charset' => 'utf8',
  'prefix' => '',
  'debug' => true,
  'deploy' => 0,
  'rw_separate' => false,
  'master_num' => 1,
  'slave_no' => '',
  'fields_strict' => true,
  'auto_timestamp' => false,
  'resultset_type' => 'array',
  'sql_explain' => false,
)
[ info ] [ DB ] CONNECT: mysql:dbname=yunsu_doc;host=localhost;port=3306;charset=utf8
[ info ] [ VIEW ] D:\xampp\htdocs\yunsuDoc/application/home\view\task\add.html [ array (
  0 => 'taskid',
  1 => 'taskList',
) ]
[ info ] [ LOG ] INIT File: array (
  'path' => 'D:\\xampp\\htdocs\\yunsuDoc\\runtime\\log\\',
)
[ sql ] [ SQL ] SELECT * FROM `tasks` WHERE  `year` = '2016'  AND `month` = '10'  AND `day` = '20'  AND `athname` = '陈万洲' LIMIT 1       [ RunTime:0.000923s ]

[ 2016-10-20T00:05:27+08:00 ] 127.0.0.1 127.0.0.1 GET /home/task/add?mc=3
[ log ] yunsudoc.com/home/task/add?mc=3 [运行时间：0.079118s][吞吐率：12.64req/s] [内存消耗：1,814.43kb] [文件加载：37]
[ info ] [ ROUTE ] array (
  'type' => 'module',
  'module' => 
  array (
    0 => 'home',
    1 => 'task',
    2 => 'add',
  ),
)
[ info ] [ RUN ] Method [ <user> public method add ] {
  @@ D:\xampp\htdocs\yunsuDoc\application\home\controller\Task.php 29 - 46
}

[ info ] [ DB ] INIT mysql:array (
  'type' => 'mysql',
  'dsn' => '',
  'hostname' => 'localhost',
  'database' => 'yunsu_doc',
  'username' => 'root',
  'password' => '123456',
  'hostport' => '3306',
  'params' => 
  array (
    0 => 100,
  ),
  'charset' => 'utf8',
  'prefix' => '',
  'debug' => true,
  'deploy' => 0,
  'rw_separate' => false,
  'master_num' => 1,
  'slave_no' => '',
  'fields_strict' => true,
  'auto_timestamp' => false,
  'resultset_type' => 'array',
  'sql_explain' => false,
)
[ info ] [ DB ] CONNECT: mysql:dbname=yunsu_doc;host=localhost;port=3306;charset=utf8
[ info ] [ VIEW ] D:\xampp\htdocs\yunsuDoc/application/home\view\task\add.html [ array (
  0 => 'taskid',
  1 => 'taskList',
) ]
[ info ] [ LOG ] INIT File: array (
  'path' => 'D:\\xampp\\htdocs\\yunsuDoc\\runtime\\log\\',
)
[ sql ] [ SQL ] SELECT * FROM `tasks` WHERE  `year` = '2016'  AND `month` = '10'  AND `day` = '20'  AND `athname` = '陈万洲' LIMIT 1       [ RunTime:0.000910s ]

[ 2016-10-20T00:05:29+08:00 ] 127.0.0.1 127.0.0.1 GET /home/task/add?mc=3
[ log ] yunsudoc.com/home/task/add?mc=3 [运行时间：0.089971s][吞吐率：11.11req/s] [内存消耗：1,814.43kb] [文件加载：37]
[ info ] [ ROUTE ] array (
  'type' => 'module',
  'module' => 
  array (
    0 => 'home',
    1 => 'task',
    2 => 'add',
  ),
)
[ info ] [ RUN ] Method [ <user> public method add ] {
  @@ D:\xampp\htdocs\yunsuDoc\application\home\controller\Task.php 29 - 46
}

[ info ] [ DB ] INIT mysql:array (
  'type' => 'mysql',
  'dsn' => '',
  'hostname' => 'localhost',
  'database' => 'yunsu_doc',
  'username' => 'root',
  'password' => '123456',
  'hostport' => '3306',
  'params' => 
  array (
    0 => 100,
  ),
  'charset' => 'utf8',
  'prefix' => '',
  'debug' => true,
  'deploy' => 0,
  'rw_separate' => false,
  'master_num' => 1,
  'slave_no' => '',
  'fields_strict' => true,
  'auto_timestamp' => false,
  'resultset_type' => 'array',
  'sql_explain' => false,
)
[ info ] [ DB ] CONNECT: mysql:dbname=yunsu_doc;host=localhost;port=3306;charset=utf8
[ info ] [ VIEW ] D:\xampp\htdocs\yunsuDoc/application/home\view\task\add.html [ array (
  0 => 'taskid',
  1 => 'taskList',
) ]
[ info ] [ LOG ] INIT File: array (
  'path' => 'D:\\xampp\\htdocs\\yunsuDoc\\runtime\\log\\',
)
[ sql ] [ SQL ] SELECT * FROM `tasks` WHERE  `year` = '2016'  AND `month` = '10'  AND `day` = '20'  AND `athname` = '陈万洲' LIMIT 1       [ RunTime:0.000984s ]

[ 2016-10-20T00:08:49+08:00 ] 127.0.0.1 127.0.0.1 GET /home/task/add?mc=3
[ log ] yunsudoc.com/home/task/add?mc=3 [运行时间：0.114296s][吞吐率：8.75req/s] [内存消耗：1,958.51kb] [文件加载：39]
[ info ] [ ROUTE ] array (
  'type' => 'module',
  'module' => 
  array (
    0 => 'home',
    1 => 'task',
    2 => 'add',
  ),
)
[ info ] [ RUN ] Method [ <user> public method add ] {
  @@ D:\xampp\htdocs\yunsuDoc\application\home\controller\Task.php 29 - 46
}

[ info ] [ DB ] INIT mysql:array (
  'type' => 'mysql',
  'dsn' => '',
  'hostname' => 'localhost',
  'database' => 'yunsu_doc',
  'username' => 'root',
  'password' => '123456',
  'hostport' => '3306',
  'params' => 
  array (
    0 => 100,
  ),
  'charset' => 'utf8',
  'prefix' => '',
  'debug' => true,
  'deploy' => 0,
  'rw_separate' => false,
  'master_num' => 1,
  'slave_no' => '',
  'fields_strict' => true,
  'auto_timestamp' => false,
  'resultset_type' => 'array',
  'sql_explain' => false,
)
[ info ] [ DB ] CONNECT: mysql:dbname=yunsu_doc;host=localhost;port=3306;charset=utf8
[ info ] [ VIEW ] D:\xampp\htdocs\yunsuDoc/application/home\view\task\add.html [ array (
  0 => 'taskid',
  1 => 'taskList',
) ]
[ info ] [ LOG ] INIT File: array (
  'path' => 'D:\\xampp\\htdocs\\yunsuDoc\\runtime\\log\\',
)
[ sql ] [ SQL ] SELECT * FROM `tasks` WHERE  `year` = '2016'  AND `month` = '10'  AND `day` = '20'  AND `athname` = '陈万洲' LIMIT 1       [ RunTime:0.000952s ]

[ 2016-10-20T00:08:53+08:00 ] 127.0.0.1 127.0.0.1 GET /home/task/add?mc=3
[ log ] yunsudoc.com/home/task/add?mc=3 [运行时间：0.103858s][吞吐率：9.63req/s] [内存消耗：1,814.40kb] [文件加载：37]
[ info ] [ ROUTE ] array (
  'type' => 'module',
  'module' => 
  array (
    0 => 'home',
    1 => 'task',
    2 => 'add',
  ),
)
[ info ] [ RUN ] Method [ <user> public method add ] {
  @@ D:\xampp\htdocs\yunsuDoc\application\home\controller\Task.php 29 - 46
}

[ info ] [ DB ] INIT mysql:array (
  'type' => 'mysql',
  'dsn' => '',
  'hostname' => 'localhost',
  'database' => 'yunsu_doc',
  'username' => 'root',
  'password' => '123456',
  'hostport' => '3306',
  'params' => 
  array (
    0 => 100,
  ),
  'charset' => 'utf8',
  'prefix' => '',
  'debug' => true,
  'deploy' => 0,
  'rw_separate' => false,
  'master_num' => 1,
  'slave_no' => '',
  'fields_strict' => true,
  'auto_timestamp' => false,
  'resultset_type' => 'array',
  'sql_explain' => false,
)
[ info ] [ DB ] CONNECT: mysql:dbname=yunsu_doc;host=localhost;port=3306;charset=utf8
[ info ] [ VIEW ] D:\xampp\htdocs\yunsuDoc/application/home\view\task\add.html [ array (
  0 => 'taskid',
  1 => 'taskList',
) ]
[ info ] [ LOG ] INIT File: array (
  'path' => 'D:\\xampp\\htdocs\\yunsuDoc\\runtime\\log\\',
)
[ sql ] [ SQL ] SELECT * FROM `tasks` WHERE  `year` = '2016'  AND `month` = '10'  AND `day` = '20'  AND `athname` = '陈万洲' LIMIT 1       [ RunTime:0.000843s ]

[ 2016-10-20T00:09:29+08:00 ] 127.0.0.1 127.0.0.1 GET /home/task/add?mc=3
[ log ] yunsudoc.com/home/task/add?mc=3 [运行时间：0.088404s][吞吐率：11.31req/s] [内存消耗：1,814.40kb] [文件加载：37]
[ info ] [ ROUTE ] array (
  'type' => 'module',
  'module' => 
  array (
    0 => 'home',
    1 => 'task',
    2 => 'add',
  ),
)
[ info ] [ RUN ] Method [ <user> public method add ] {
  @@ D:\xampp\htdocs\yunsuDoc\application\home\controller\Task.php 29 - 46
}

[ info ] [ DB ] INIT mysql:array (
  'type' => 'mysql',
  'dsn' => '',
  'hostname' => 'localhost',
  'database' => 'yunsu_doc',
  'username' => 'root',
  'password' => '123456',
  'hostport' => '3306',
  'params' => 
  array (
    0 => 100,
  ),
  'charset' => 'utf8',
  'prefix' => '',
  'debug' => true,
  'deploy' => 0,
  'rw_separate' => false,
  'master_num' => 1,
  'slave_no' => '',
  'fields_strict' => true,
  'auto_timestamp' => false,
  'resultset_type' => 'array',
  'sql_explain' => false,
)
[ info ] [ DB ] CONNECT: mysql:dbname=yunsu_doc;host=localhost;port=3306;charset=utf8
[ info ] [ VIEW ] D:\xampp\htdocs\yunsuDoc/application/home\view\task\add.html [ array (
  0 => 'taskid',
  1 => 'taskList',
) ]
[ info ] [ LOG ] INIT File: array (
  'path' => 'D:\\xampp\\htdocs\\yunsuDoc\\runtime\\log\\',
)
[ sql ] [ SQL ] SELECT * FROM `tasks` WHERE  `year` = '2016'  AND `month` = '10'  AND `day` = '20'  AND `athname` = '陈万洲' LIMIT 1       [ RunTime:0.000838s ]

[ 2016-10-20T00:09:45+08:00 ] 127.0.0.1 127.0.0.1 GET /home/task/add?mc=3
[ log ] yunsudoc.com/home/task/add?mc=3 [运行时间：0.089699s][吞吐率：11.15req/s] [内存消耗：1,814.40kb] [文件加载：37]
[ info ] [ ROUTE ] array (
  'type' => 'module',
  'module' => 
  array (
    0 => 'home',
    1 => 'task',
    2 => 'add',
  ),
)
[ info ] [ RUN ] Method [ <user> public method add ] {
  @@ D:\xampp\htdocs\yunsuDoc\application\home\controller\Task.php 29 - 46
}

[ info ] [ DB ] INIT mysql:array (
  'type' => 'mysql',
  'dsn' => '',
  'hostname' => 'localhost',
  'database' => 'yunsu_doc',
  'username' => 'root',
  'password' => '123456',
  'hostport' => '3306',
  'params' => 
  array (
    0 => 100,
  ),
  'charset' => 'utf8',
  'prefix' => '',
  'debug' => true,
  'deploy' => 0,
  'rw_separate' => false,
  'master_num' => 1,
  'slave_no' => '',
  'fields_strict' => true,
  'auto_timestamp' => false,
  'resultset_type' => 'array',
  'sql_explain' => false,
)
[ info ] [ DB ] CONNECT: mysql:dbname=yunsu_doc;host=localhost;port=3306;charset=utf8
[ info ] [ VIEW ] D:\xampp\htdocs\yunsuDoc/application/home\view\task\add.html [ array (
  0 => 'taskid',
  1 => 'taskList',
) ]
[ info ] [ LOG ] INIT File: array (
  'path' => 'D:\\xampp\\htdocs\\yunsuDoc\\runtime\\log\\',
)
[ sql ] [ SQL ] SELECT * FROM `tasks` WHERE  `year` = '2016'  AND `month` = '10'  AND `day` = '20'  AND `athname` = '陈万洲' LIMIT 1       [ RunTime:0.000928s ]

[ 2016-10-20T00:10:11+08:00 ] 127.0.0.1 127.0.0.1 GET /home/task/add?mc=3
[ log ] yunsudoc.com/home/task/add?mc=3 [运行时间：0.089456s][吞吐率：11.18req/s] [内存消耗：1,814.40kb] [文件加载：37]
[ info ] [ ROUTE ] array (
  'type' => 'module',
  'module' => 
  array (
    0 => 'home',
    1 => 'task',
    2 => 'add',
  ),
)
[ info ] [ RUN ] Method [ <user> public method add ] {
  @@ D:\xampp\htdocs\yunsuDoc\application\home\controller\Task.php 29 - 46
}

[ info ] [ DB ] INIT mysql:array (
  'type' => 'mysql',
  'dsn' => '',
  'hostname' => 'localhost',
  'database' => 'yunsu_doc',
  'username' => 'root',
  'password' => '123456',
  'hostport' => '3306',
  'params' => 
  array (
    0 => 100,
  ),
  'charset' => 'utf8',
  'prefix' => '',
  'debug' => true,
  'deploy' => 0,
  'rw_separate' => false,
  'master_num' => 1,
  'slave_no' => '',
  'fields_strict' => true,
  'auto_timestamp' => false,
  'resultset_type' => 'array',
  'sql_explain' => false,
)
[ info ] [ DB ] CONNECT: mysql:dbname=yunsu_doc;host=localhost;port=3306;charset=utf8
[ info ] [ VIEW ] D:\xampp\htdocs\yunsuDoc/application/home\view\task\add.html [ array (
  0 => 'taskid',
  1 => 'taskList',
) ]
[ info ] [ LOG ] INIT File: array (
  'path' => 'D:\\xampp\\htdocs\\yunsuDoc\\runtime\\log\\',
)
[ sql ] [ SQL ] SELECT * FROM `tasks` WHERE  `year` = '2016'  AND `month` = '10'  AND `day` = '20'  AND `athname` = '陈万洲' LIMIT 1       [ RunTime:0.000852s ]

[ 2016-10-20T00:13:29+08:00 ] 127.0.0.1 127.0.0.1 GET /home/task/add?mc=3
[ log ] yunsudoc.com/home/task/add?mc=3 [运行时间：0.102114s][吞吐率：9.79req/s] [内存消耗：1,814.40kb] [文件加载：37]
[ info ] [ ROUTE ] array (
  'type' => 'module',
  'module' => 
  array (
    0 => 'home',
    1 => 'task',
    2 => 'add',
  ),
)
[ info ] [ RUN ] Method [ <user> public method add ] {
  @@ D:\xampp\htdocs\yunsuDoc\application\home\controller\Task.php 29 - 46
}

[ info ] [ DB ] INIT mysql:array (
  'type' => 'mysql',
  'dsn' => '',
  'hostname' => 'localhost',
  'database' => 'yunsu_doc',
  'username' => 'root',
  'password' => '123456',
  'hostport' => '3306',
  'params' => 
  array (
    0 => 100,
  ),
  'charset' => 'utf8',
  'prefix' => '',
  'debug' => true,
  'deploy' => 0,
  'rw_separate' => false,
  'master_num' => 1,
  'slave_no' => '',
  'fields_strict' => true,
  'auto_timestamp' => false,
  'resultset_type' => 'array',
  'sql_explain' => false,
)
[ info ] [ DB ] CONNECT: mysql:dbname=yunsu_doc;host=localhost;port=3306;charset=utf8
[ info ] [ VIEW ] D:\xampp\htdocs\yunsuDoc/application/home\view\task\add.html [ array (
  0 => 'taskid',
  1 => 'taskList',
) ]
[ info ] [ LOG ] INIT File: array (
  'path' => 'D:\\xampp\\htdocs\\yunsuDoc\\runtime\\log\\',
)
[ sql ] [ SQL ] SELECT * FROM `tasks` WHERE  `year` = '2016'  AND `month` = '10'  AND `day` = '20'  AND `athname` = '陈万洲' LIMIT 1       [ RunTime:0.000934s ]

[ 2016-10-20T00:15:55+08:00 ] 127.0.0.1 127.0.0.1 GET /home/task/add?mc=3
[ log ] yunsudoc.com/home/task/add?mc=3 [运行时间：0.118317s][吞吐率：8.45req/s] [内存消耗：1,958.50kb] [文件加载：39]
[ info ] [ ROUTE ] array (
  'type' => 'module',
  'module' => 
  array (
    0 => 'home',
    1 => 'task',
    2 => 'add',
  ),
)
[ info ] [ RUN ] Method [ <user> public method add ] {
  @@ D:\xampp\htdocs\yunsuDoc\application\home\controller\Task.php 29 - 46
}

[ info ] [ DB ] INIT mysql:array (
  'type' => 'mysql',
  'dsn' => '',
  'hostname' => 'localhost',
  'database' => 'yunsu_doc',
  'username' => 'root',
  'password' => '123456',
  'hostport' => '3306',
  'params' => 
  array (
    0 => 100,
  ),
  'charset' => 'utf8',
  'prefix' => '',
  'debug' => true,
  'deploy' => 0,
  'rw_separate' => false,
  'master_num' => 1,
  'slave_no' => '',
  'fields_strict' => true,
  'auto_timestamp' => false,
  'resultset_type' => 'array',
  'sql_explain' => false,
)
[ info ] [ DB ] CONNECT: mysql:dbname=yunsu_doc;host=localhost;port=3306;charset=utf8
[ info ] [ VIEW ] D:\xampp\htdocs\yunsuDoc/application/home\view\task\add.html [ array (
  0 => 'taskid',
  1 => 'taskList',
) ]
[ info ] [ LOG ] INIT File: array (
  'path' => 'D:\\xampp\\htdocs\\yunsuDoc\\runtime\\log\\',
)
[ sql ] [ SQL ] SELECT * FROM `tasks` WHERE  `year` = '2016'  AND `month` = '10'  AND `day` = '20'  AND `athname` = '陈万洲' LIMIT 1       [ RunTime:0.000981s ]

[ 2016-10-20T00:16:19+08:00 ] 127.0.0.1 127.0.0.1 POST /api/task/commit
[ log ] yunsudoc.com/api/task/commit [运行时间：0.093957s][吞吐率：10.64req/s] [内存消耗：1,813.77kb] [文件加载：36]
[ info ] [ ROUTE ] array (
  'type' => 'module',
  'module' => 
  array (
    0 => 'api',
    1 => 'task',
    2 => 'commit',
  ),
)
[ info ] [ RUN ] Method [ <user> public method commit ] {
  @@ D:\xampp\htdocs\yunsuDoc\application\api\controller\Task.php 10 - 45
}

[ info ] [ DB ] INIT mysql:array (
  'type' => 'mysql',
  'dsn' => '',
  'hostname' => 'localhost',
  'database' => 'yunsu_doc',
  'username' => 'root',
  'password' => '123456',
  'hostport' => '3306',
  'params' => 
  array (
    0 => 100,
  ),
  'charset' => 'utf8',
  'prefix' => '',
  'debug' => true,
  'deploy' => 0,
  'rw_separate' => false,
  'master_num' => 1,
  'slave_no' => '',
  'fields_strict' => true,
  'auto_timestamp' => false,
  'resultset_type' => 'array',
  'sql_explain' => false,
)
[ info ] [ DB ] CONNECT: mysql:dbname=yunsu_doc;host=localhost;port=3306;charset=utf8
[ info ] [ LOG ] INIT File: array (
  'path' => 'D:\\xampp\\htdocs\\yunsuDoc\\runtime\\log\\',
)
[ sql ] [ SQL ] INSERT INTO `tasks` (`athname` , `describe` , `year` , `month` , `day`) VALUES ('陈万洲' , '[{\"type\":\"新增功能\",\"module\":\"hh\",\"task\":\"的份上\",\"progress\":\"12\"},{\"type\":\"新增界面\",\"module\":\"4534\",\"task\":\"34345\",\"progress\":\"34\"}]' , '2016' , '10' , '20')       [ RunTime:0.002588s ]

[ 2016-10-20T00:16:26+08:00 ] 127.0.0.1 127.0.0.1 GET /home/task/add?mc=3
[ log ] yunsudoc.com/home/task/add?mc=3 [运行时间：0.083160s][吞吐率：12.02req/s] [内存消耗：1,816.66kb] [文件加载：37]
[ info ] [ ROUTE ] array (
  'type' => 'module',
  'module' => 
  array (
    0 => 'home',
    1 => 'task',
    2 => 'add',
  ),
)
[ info ] [ RUN ] Method [ <user> public method add ] {
  @@ D:\xampp\htdocs\yunsuDoc\application\home\controller\Task.php 29 - 46
}

[ info ] [ DB ] INIT mysql:array (
  'type' => 'mysql',
  'dsn' => '',
  'hostname' => 'localhost',
  'database' => 'yunsu_doc',
  'username' => 'root',
  'password' => '123456',
  'hostport' => '3306',
  'params' => 
  array (
    0 => 100,
  ),
  'charset' => 'utf8',
  'prefix' => '',
  'debug' => true,
  'deploy' => 0,
  'rw_separate' => false,
  'master_num' => 1,
  'slave_no' => '',
  'fields_strict' => true,
  'auto_timestamp' => false,
  'resultset_type' => 'array',
  'sql_explain' => false,
)
[ info ] [ DB ] CONNECT: mysql:dbname=yunsu_doc;host=localhost;port=3306;charset=utf8
[ info ] [ VIEW ] D:\xampp\htdocs\yunsuDoc/application/home\view\task\add.html [ array (
  0 => 'taskid',
  1 => 'taskList',
) ]
[ info ] [ LOG ] INIT File: array (
  'path' => 'D:\\xampp\\htdocs\\yunsuDoc\\runtime\\log\\',
)
[ sql ] [ SQL ] SELECT * FROM `tasks` WHERE  `year` = '2016'  AND `month` = '10'  AND `day` = '20'  AND `athname` = '陈万洲' LIMIT 1       [ RunTime:0.000847s ]

[ 2016-10-20T00:16:42+08:00 ] 127.0.0.1 127.0.0.1 POST /api/task/commit
[ log ] yunsudoc.com/api/task/commit [运行时间：0.058240s][吞吐率：17.17req/s] [内存消耗：1,134.32kb] [文件加载：33]
[ info ] [ ROUTE ] array (
  'type' => 'module',
  'module' => 
  array (
    0 => 'api',
    1 => 'task',
    2 => 'commit',
  ),
)
[ info ] [ RUN ] Method [ <user> public method commit ] {
  @@ D:\xampp\htdocs\yunsuDoc\application\api\controller\Task.php 10 - 45
}

[ info ] [ LANG ] D:\xampp\htdocs\yunsuDoc\thinkphp\lang\zh-cn.php
[ info ] [ LANG ] D:\xampp\htdocs\yunsuDoc\thinkphp\lang\zh-cn.php
[ info ] [ LOG ] INIT File: array (
  'path' => 'D:\\xampp\\htdocs\\yunsuDoc\\runtime\\log\\',
)
[ error ] [1]Class 'app\api\controller\UserModel' not found[D:\xampp\htdocs\yunsuDoc\application\api\controller\Task.php:21]

[ 2016-10-20T00:16:45+08:00 ] 127.0.0.1 127.0.0.1 POST /api/task/commit
[ log ] yunsudoc.com/api/task/commit [运行时间：0.055199s][吞吐率：18.12req/s] [内存消耗：1,134.32kb] [文件加载：33]
[ info ] [ ROUTE ] array (
  'type' => 'module',
  'module' => 
  array (
    0 => 'api',
    1 => 'task',
    2 => 'commit',
  ),
)
[ info ] [ RUN ] Method [ <user> public method commit ] {
  @@ D:\xampp\htdocs\yunsuDoc\application\api\controller\Task.php 10 - 45
}

[ info ] [ LANG ] D:\xampp\htdocs\yunsuDoc\thinkphp\lang\zh-cn.php
[ info ] [ LANG ] D:\xampp\htdocs\yunsuDoc\thinkphp\lang\zh-cn.php
[ info ] [ LOG ] INIT File: array (
  'path' => 'D:\\xampp\\htdocs\\yunsuDoc\\runtime\\log\\',
)
[ error ] [1]Class 'app\api\controller\UserModel' not found[D:\xampp\htdocs\yunsuDoc\application\api\controller\Task.php:21]

[ 2016-10-20T00:16:48+08:00 ] 127.0.0.1 127.0.0.1 GET /home/task/add?mc=3
[ log ] yunsudoc.com/home/task/add?mc=3 [运行时间：0.078974s][吞吐率：12.66req/s] [内存消耗：1,816.57kb] [文件加载：37]
[ info ] [ ROUTE ] array (
  'type' => 'module',
  'module' => 
  array (
    0 => 'home',
    1 => 'task',
    2 => 'add',
  ),
)
[ info ] [ RUN ] Method [ <user> public method add ] {
  @@ D:\xampp\htdocs\yunsuDoc\application\home\controller\Task.php 29 - 46
}

[ info ] [ DB ] INIT mysql:array (
  'type' => 'mysql',
  'dsn' => '',
  'hostname' => 'localhost',
  'database' => 'yunsu_doc',
  'username' => 'root',
  'password' => '123456',
  'hostport' => '3306',
  'params' => 
  array (
    0 => 100,
  ),
  'charset' => 'utf8',
  'prefix' => '',
  'debug' => true,
  'deploy' => 0,
  'rw_separate' => false,
  'master_num' => 1,
  'slave_no' => '',
  'fields_strict' => true,
  'auto_timestamp' => false,
  'resultset_type' => 'array',
  'sql_explain' => false,
)
[ info ] [ DB ] CONNECT: mysql:dbname=yunsu_doc;host=localhost;port=3306;charset=utf8
[ info ] [ VIEW ] D:\xampp\htdocs\yunsuDoc/application/home\view\task\add.html [ array (
  0 => 'taskid',
  1 => 'taskList',
) ]
[ info ] [ LOG ] INIT File: array (
  'path' => 'D:\\xampp\\htdocs\\yunsuDoc\\runtime\\log\\',
)
[ sql ] [ SQL ] SELECT * FROM `tasks` WHERE  `year` = '2016'  AND `month` = '10'  AND `day` = '20'  AND `athname` = '陈万洲' LIMIT 1       [ RunTime:0.000929s ]

[ 2016-10-20T00:16:52+08:00 ] 127.0.0.1 127.0.0.1 POST /api/task/commit
[ log ] yunsudoc.com/api/task/commit [运行时间：0.055322s][吞吐率：18.08req/s] [内存消耗：1,134.32kb] [文件加载：33]
[ info ] [ ROUTE ] array (
  'type' => 'module',
  'module' => 
  array (
    0 => 'api',
    1 => 'task',
    2 => 'commit',
  ),
)
[ info ] [ RUN ] Method [ <user> public method commit ] {
  @@ D:\xampp\htdocs\yunsuDoc\application\api\controller\Task.php 10 - 45
}

[ info ] [ LANG ] D:\xampp\htdocs\yunsuDoc\thinkphp\lang\zh-cn.php
[ info ] [ LANG ] D:\xampp\htdocs\yunsuDoc\thinkphp\lang\zh-cn.php
[ info ] [ LOG ] INIT File: array (
  'path' => 'D:\\xampp\\htdocs\\yunsuDoc\\runtime\\log\\',
)
[ error ] [1]Class 'app\api\controller\UserModel' not found[D:\xampp\htdocs\yunsuDoc\application\api\controller\Task.php:21]

[ 2016-10-20T00:17:04+08:00 ] 127.0.0.1 127.0.0.1 GET /home/task/add?mc=3
[ log ] yunsudoc.com/home/task/add?mc=3 [运行时间：0.080272s][吞吐率：12.46req/s] [内存消耗：1,816.57kb] [文件加载：37]
[ info ] [ ROUTE ] array (
  'type' => 'module',
  'module' => 
  array (
    0 => 'home',
    1 => 'task',
    2 => 'add',
  ),
)
[ info ] [ RUN ] Method [ <user> public method add ] {
  @@ D:\xampp\htdocs\yunsuDoc\application\home\controller\Task.php 29 - 46
}

[ info ] [ DB ] INIT mysql:array (
  'type' => 'mysql',
  'dsn' => '',
  'hostname' => 'localhost',
  'database' => 'yunsu_doc',
  'username' => 'root',
  'password' => '123456',
  'hostport' => '3306',
  'params' => 
  array (
    0 => 100,
  ),
  'charset' => 'utf8',
  'prefix' => '',
  'debug' => true,
  'deploy' => 0,
  'rw_separate' => false,
  'master_num' => 1,
  'slave_no' => '',
  'fields_strict' => true,
  'auto_timestamp' => false,
  'resultset_type' => 'array',
  'sql_explain' => false,
)
[ info ] [ DB ] CONNECT: mysql:dbname=yunsu_doc;host=localhost;port=3306;charset=utf8
[ info ] [ VIEW ] D:\xampp\htdocs\yunsuDoc/application/home\view\task\add.html [ array (
  0 => 'taskid',
  1 => 'taskList',
) ]
[ info ] [ LOG ] INIT File: array (
  'path' => 'D:\\xampp\\htdocs\\yunsuDoc\\runtime\\log\\',
)
[ sql ] [ SQL ] SELECT * FROM `tasks` WHERE  `year` = '2016'  AND `month` = '10'  AND `day` = '20'  AND `athname` = '陈万洲' LIMIT 1       [ RunTime:0.000943s ]

[ 2016-10-20T00:17:13+08:00 ] 127.0.0.1 127.0.0.1 POST /api/task/commit
[ log ] yunsudoc.com/api/task/commit [运行时间：0.058315s][吞吐率：17.15req/s] [内存消耗：1,134.34kb] [文件加载：33]
[ info ] [ ROUTE ] array (
  'type' => 'module',
  'module' => 
  array (
    0 => 'api',
    1 => 'task',
    2 => 'commit',
  ),
)
[ info ] [ RUN ] Method [ <user> public method commit ] {
  @@ D:\xampp\htdocs\yunsuDoc\application\api\controller\Task.php 10 - 45
}

[ info ] [ LANG ] D:\xampp\htdocs\yunsuDoc\thinkphp\lang\zh-cn.php
[ info ] [ LANG ] D:\xampp\htdocs\yunsuDoc\thinkphp\lang\zh-cn.php
[ info ] [ LOG ] INIT File: array (
  'path' => 'D:\\xampp\\htdocs\\yunsuDoc\\runtime\\log\\',
)
[ error ] [1]Class 'app\api\controller\UserModel' not found[D:\xampp\htdocs\yunsuDoc\application\api\controller\Task.php:21]

[ 2016-10-20T00:19:47+08:00 ] 127.0.0.1 127.0.0.1 GET /home/task/add?mc=3
[ log ] yunsudoc.com/home/task/add?mc=3 [运行时间：0.096100s][吞吐率：10.41req/s] [内存消耗：1,816.55kb] [文件加载：37]
[ info ] [ ROUTE ] array (
  'type' => 'module',
  'module' => 
  array (
    0 => 'home',
    1 => 'task',
    2 => 'add',
  ),
)
[ info ] [ RUN ] Method [ <user> public method add ] {
  @@ D:\xampp\htdocs\yunsuDoc\application\home\controller\Task.php 29 - 46
}

[ info ] [ DB ] INIT mysql:array (
  'type' => 'mysql',
  'dsn' => '',
  'hostname' => 'localhost',
  'database' => 'yunsu_doc',
  'username' => 'root',
  'password' => '123456',
  'hostport' => '3306',
  'params' => 
  array (
    0 => 100,
  ),
  'charset' => 'utf8',
  'prefix' => '',
  'debug' => true,
  'deploy' => 0,
  'rw_separate' => false,
  'master_num' => 1,
  'slave_no' => '',
  'fields_strict' => true,
  'auto_timestamp' => false,
  'resultset_type' => 'array',
  'sql_explain' => false,
)
[ info ] [ DB ] CONNECT: mysql:dbname=yunsu_doc;host=localhost;port=3306;charset=utf8
[ info ] [ VIEW ] D:\xampp\htdocs\yunsuDoc/application/home\view\task\add.html [ array (
  0 => 'taskid',
  1 => 'taskList',
) ]
[ info ] [ LOG ] INIT File: array (
  'path' => 'D:\\xampp\\htdocs\\yunsuDoc\\runtime\\log\\',
)
[ sql ] [ SQL ] SELECT * FROM `tasks` WHERE  `year` = '2016'  AND `month` = '10'  AND `day` = '20'  AND `athname` = '陈万洲' LIMIT 1       [ RunTime:0.000864s ]

[ 2016-10-20T00:19:54+08:00 ] 127.0.0.1 127.0.0.1 GET /home/task/index.js.map
[ log ] yunsudoc.com/home/task/index.js.map [运行时间：0.068063s][吞吐率：14.69req/s] [内存消耗：1,121.70kb] [文件加载：32]
[ info ] [ ROUTE ] array (
  'type' => 'module',
  'module' => 
  array (
    0 => 'home',
    1 => 'task',
    2 => 'index.js.map',
  ),
)
[ info ] [ LANG ] D:\xampp\htdocs\yunsuDoc\thinkphp\lang\zh-cn.php
[ info ] [ LOG ] INIT File: array (
  'path' => 'D:\\xampp\\htdocs\\yunsuDoc\\runtime\\log\\',
)

[ 2016-10-20T00:19:58+08:00 ] 127.0.0.1 127.0.0.1 POST /api/task/commit
[ log ] yunsudoc.com/api/task/commit [运行时间：0.061012s][吞吐率：16.39req/s] [内存消耗：1,134.32kb] [文件加载：33]
[ info ] [ ROUTE ] array (
  'type' => 'module',
  'module' => 
  array (
    0 => 'api',
    1 => 'task',
    2 => 'commit',
  ),
)
[ info ] [ RUN ] Method [ <user> public method commit ] {
  @@ D:\xampp\htdocs\yunsuDoc\application\api\controller\Task.php 10 - 45
}

[ info ] [ LANG ] D:\xampp\htdocs\yunsuDoc\thinkphp\lang\zh-cn.php
[ info ] [ LANG ] D:\xampp\htdocs\yunsuDoc\thinkphp\lang\zh-cn.php
[ info ] [ LOG ] INIT File: array (
  'path' => 'D:\\xampp\\htdocs\\yunsuDoc\\runtime\\log\\',
)
[ error ] [1]Class 'app\api\controller\UserModel' not found[D:\xampp\htdocs\yunsuDoc\application\api\controller\Task.php:21]

[ 2016-10-20T00:21:42+08:00 ] 127.0.0.1 127.0.0.1 GET /home/task/add?mc=3
[ log ] yunsudoc.com/home/task/add?mc=3 [运行时间：0.094624s][吞吐率：10.57req/s] [内存消耗：1,816.55kb] [文件加载：37]
[ info ] [ ROUTE ] array (
  'type' => 'module',
  'module' => 
  array (
    0 => 'home',
    1 => 'task',
    2 => 'add',
  ),
)
[ info ] [ RUN ] Method [ <user> public method add ] {
  @@ D:\xampp\htdocs\yunsuDoc\application\home\controller\Task.php 29 - 46
}

[ info ] [ DB ] INIT mysql:array (
  'type' => 'mysql',
  'dsn' => '',
  'hostname' => 'localhost',
  'database' => 'yunsu_doc',
  'username' => 'root',
  'password' => '123456',
  'hostport' => '3306',
  'params' => 
  array (
    0 => 100,
  ),
  'charset' => 'utf8',
  'prefix' => '',
  'debug' => true,
  'deploy' => 0,
  'rw_separate' => false,
  'master_num' => 1,
  'slave_no' => '',
  'fields_strict' => true,
  'auto_timestamp' => false,
  'resultset_type' => 'array',
  'sql_explain' => false,
)
[ info ] [ DB ] CONNECT: mysql:dbname=yunsu_doc;host=localhost;port=3306;charset=utf8
[ info ] [ VIEW ] D:\xampp\htdocs\yunsuDoc/application/home\view\task\add.html [ array (
  0 => 'taskid',
  1 => 'taskList',
) ]
[ info ] [ LOG ] INIT File: array (
  'path' => 'D:\\xampp\\htdocs\\yunsuDoc\\runtime\\log\\',
)
[ sql ] [ SQL ] SELECT * FROM `tasks` WHERE  `year` = '2016'  AND `month` = '10'  AND `day` = '20'  AND `athname` = '陈万洲' LIMIT 1       [ RunTime:0.000934s ]

[ 2016-10-20T00:21:48+08:00 ] 127.0.0.1 127.0.0.1 GET /home/task/add?mc=3
[ log ] yunsudoc.com/home/task/add?mc=3 [运行时间：0.094840s][吞吐率：10.54req/s] [内存消耗：1,816.57kb] [文件加载：37]
[ info ] [ ROUTE ] array (
  'type' => 'module',
  'module' => 
  array (
    0 => 'home',
    1 => 'task',
    2 => 'add',
  ),
)
[ info ] [ RUN ] Method [ <user> public method add ] {
  @@ D:\xampp\htdocs\yunsuDoc\application\home\controller\Task.php 29 - 46
}

[ info ] [ DB ] INIT mysql:array (
  'type' => 'mysql',
  'dsn' => '',
  'hostname' => 'localhost',
  'database' => 'yunsu_doc',
  'username' => 'root',
  'password' => '123456',
  'hostport' => '3306',
  'params' => 
  array (
    0 => 100,
  ),
  'charset' => 'utf8',
  'prefix' => '',
  'debug' => true,
  'deploy' => 0,
  'rw_separate' => false,
  'master_num' => 1,
  'slave_no' => '',
  'fields_strict' => true,
  'auto_timestamp' => false,
  'resultset_type' => 'array',
  'sql_explain' => false,
)
[ info ] [ DB ] CONNECT: mysql:dbname=yunsu_doc;host=localhost;port=3306;charset=utf8
[ info ] [ VIEW ] D:\xampp\htdocs\yunsuDoc/application/home\view\task\add.html [ array (
  0 => 'taskid',
  1 => 'taskList',
) ]
[ info ] [ LOG ] INIT File: array (
  'path' => 'D:\\xampp\\htdocs\\yunsuDoc\\runtime\\log\\',
)
[ sql ] [ SQL ] SELECT * FROM `tasks` WHERE  `year` = '2016'  AND `month` = '10'  AND `day` = '20'  AND `athname` = '陈万洲' LIMIT 1       [ RunTime:0.000973s ]

[ 2016-10-20T00:21:53+08:00 ] 127.0.0.1 127.0.0.1 POST /api/task/commit
[ log ] yunsudoc.com/api/task/commit [运行时间：0.057209s][吞吐率：17.48req/s] [内存消耗：1,134.29kb] [文件加载：33]
[ info ] [ ROUTE ] array (
  'type' => 'module',
  'module' => 
  array (
    0 => 'api',
    1 => 'task',
    2 => 'commit',
  ),
)
[ info ] [ RUN ] Method [ <user> public method commit ] {
  @@ D:\xampp\htdocs\yunsuDoc\application\api\controller\Task.php 10 - 45
}

[ info ] [ LANG ] D:\xampp\htdocs\yunsuDoc\thinkphp\lang\zh-cn.php
[ info ] [ LANG ] D:\xampp\htdocs\yunsuDoc\thinkphp\lang\zh-cn.php
[ info ] [ LOG ] INIT File: array (
  'path' => 'D:\\xampp\\htdocs\\yunsuDoc\\runtime\\log\\',
)
[ error ] [1]Class 'app\api\controller\UserModel' not found[D:\xampp\htdocs\yunsuDoc\application\api\controller\Task.php:21]

[ 2016-10-20T00:22:28+08:00 ] 127.0.0.1 127.0.0.1 POST /api/task/commit
[ log ] yunsudoc.com/api/task/commit [运行时间：0.058042s][吞吐率：17.23req/s] [内存消耗：1,134.29kb] [文件加载：33]
[ info ] [ ROUTE ] array (
  'type' => 'module',
  'module' => 
  array (
    0 => 'api',
    1 => 'task',
    2 => 'commit',
  ),
)
[ info ] [ RUN ] Method [ <user> public method commit ] {
  @@ D:\xampp\htdocs\yunsuDoc\application\api\controller\Task.php 10 - 45
}

[ info ] [ LANG ] D:\xampp\htdocs\yunsuDoc\thinkphp\lang\zh-cn.php
[ info ] [ LANG ] D:\xampp\htdocs\yunsuDoc\thinkphp\lang\zh-cn.php
[ info ] [ LOG ] INIT File: array (
  'path' => 'D:\\xampp\\htdocs\\yunsuDoc\\runtime\\log\\',
)
[ error ] [1]Class 'app\api\controller\UserModel' not found[D:\xampp\htdocs\yunsuDoc\application\api\controller\Task.php:21]

[ 2016-10-20T00:25:45+08:00 ] 127.0.0.1 127.0.0.1 GET /home/task/add?mc=3
[ log ] yunsudoc.com/home/task/add?mc=3 [运行时间：0.104651s][吞吐率：9.56req/s] [内存消耗：1,816.55kb] [文件加载：37]
[ info ] [ ROUTE ] array (
  'type' => 'module',
  'module' => 
  array (
    0 => 'home',
    1 => 'task',
    2 => 'add',
  ),
)
[ info ] [ RUN ] Method [ <user> public method add ] {
  @@ D:\xampp\htdocs\yunsuDoc\application\home\controller\Task.php 29 - 46
}

[ info ] [ DB ] INIT mysql:array (
  'type' => 'mysql',
  'dsn' => '',
  'hostname' => 'localhost',
  'database' => 'yunsu_doc',
  'username' => 'root',
  'password' => '123456',
  'hostport' => '3306',
  'params' => 
  array (
    0 => 100,
  ),
  'charset' => 'utf8',
  'prefix' => '',
  'debug' => true,
  'deploy' => 0,
  'rw_separate' => false,
  'master_num' => 1,
  'slave_no' => '',
  'fields_strict' => true,
  'auto_timestamp' => false,
  'resultset_type' => 'array',
  'sql_explain' => false,
)
[ info ] [ DB ] CONNECT: mysql:dbname=yunsu_doc;host=localhost;port=3306;charset=utf8
[ info ] [ VIEW ] D:\xampp\htdocs\yunsuDoc/application/home\view\task\add.html [ array (
  0 => 'taskid',
  1 => 'taskList',
) ]
[ info ] [ LOG ] INIT File: array (
  'path' => 'D:\\xampp\\htdocs\\yunsuDoc\\runtime\\log\\',
)
[ sql ] [ SQL ] SELECT * FROM `tasks` WHERE  `year` = '2016'  AND `month` = '10'  AND `day` = '20'  AND `athname` = '陈万洲' LIMIT 1       [ RunTime:0.000937s ]

[ 2016-10-20T00:25:50+08:00 ] 127.0.0.1 127.0.0.1 GET /home/task/show?mc=1
[ log ] yunsudoc.com/home/task/show?mc=1 [运行时间：0.058880s][吞吐率：16.98req/s] [内存消耗：1,046.73kb] [文件加载：28]
[ info ] [ ROUTE ] array (
  'type' => 'module',
  'module' => 
  array (
    0 => 'home',
    1 => 'task',
    2 => 'show',
  ),
)
[ info ] [ RUN ] Method [ <user> public method show ] {
  @@ D:\xampp\htdocs\yunsuDoc\application\home\controller\Task.php 9 - 27
}

[ info ] [ VIEW ] D:\xampp\htdocs\yunsuDoc/application/home\view\task\show.html [ array (
  0 => 'today',
  1 => 'dayarr',
) ]
[ info ] [ LOG ] INIT File: array (
  'path' => 'D:\\xampp\\htdocs\\yunsuDoc\\runtime\\log\\',
)

[ 2016-10-20T00:25:52+08:00 ] 127.0.0.1 127.0.0.1 GET /home/task/add?mc=3
[ log ] yunsudoc.com/home/task/add?mc=3 [运行时间：0.103555s][吞吐率：9.66req/s] [内存消耗：1,816.66kb] [文件加载：37]
[ info ] [ ROUTE ] array (
  'type' => 'module',
  'module' => 
  array (
    0 => 'home',
    1 => 'task',
    2 => 'add',
  ),
)
[ info ] [ RUN ] Method [ <user> public method add ] {
  @@ D:\xampp\htdocs\yunsuDoc\application\home\controller\Task.php 29 - 46
}

[ info ] [ DB ] INIT mysql:array (
  'type' => 'mysql',
  'dsn' => '',
  'hostname' => 'localhost',
  'database' => 'yunsu_doc',
  'username' => 'root',
  'password' => '123456',
  'hostport' => '3306',
  'params' => 
  array (
    0 => 100,
  ),
  'charset' => 'utf8',
  'prefix' => '',
  'debug' => true,
  'deploy' => 0,
  'rw_separate' => false,
  'master_num' => 1,
  'slave_no' => '',
  'fields_strict' => true,
  'auto_timestamp' => false,
  'resultset_type' => 'array',
  'sql_explain' => false,
)
[ info ] [ DB ] CONNECT: mysql:dbname=yunsu_doc;host=localhost;port=3306;charset=utf8
[ info ] [ VIEW ] D:\xampp\htdocs\yunsuDoc/application/home\view\task\add.html [ array (
  0 => 'taskid',
  1 => 'taskList',
) ]
[ info ] [ LOG ] INIT File: array (
  'path' => 'D:\\xampp\\htdocs\\yunsuDoc\\runtime\\log\\',
)
[ sql ] [ SQL ] SELECT * FROM `tasks` WHERE  `year` = '2016'  AND `month` = '10'  AND `day` = '20'  AND `athname` = '陈万洲' LIMIT 1       [ RunTime:0.000938s ]

[ 2016-10-20T00:25:58+08:00 ] 127.0.0.1 127.0.0.1 POST /api/task/commit
[ log ] yunsudoc.com/api/task/commit [运行时间：0.059534s][吞吐率：16.80req/s] [内存消耗：1,134.29kb] [文件加载：33]
[ info ] [ ROUTE ] array (
  'type' => 'module',
  'module' => 
  array (
    0 => 'api',
    1 => 'task',
    2 => 'commit',
  ),
)
[ info ] [ RUN ] Method [ <user> public method commit ] {
  @@ D:\xampp\htdocs\yunsuDoc\application\api\controller\Task.php 10 - 45
}

[ info ] [ LANG ] D:\xampp\htdocs\yunsuDoc\thinkphp\lang\zh-cn.php
[ info ] [ LANG ] D:\xampp\htdocs\yunsuDoc\thinkphp\lang\zh-cn.php
[ info ] [ LOG ] INIT File: array (
  'path' => 'D:\\xampp\\htdocs\\yunsuDoc\\runtime\\log\\',
)
[ error ] [1]Class 'app\api\controller\UserModel' not found[D:\xampp\htdocs\yunsuDoc\application\api\controller\Task.php:21]

[ 2016-10-20T00:26:55+08:00 ] 127.0.0.1 127.0.0.1 GET /home/task/add?mc=3
[ log ] yunsudoc.com/home/task/add?mc=3 [运行时间：0.089738s][吞吐率：11.14req/s] [内存消耗：1,963.55kb] [文件加载：39]
[ info ] [ ROUTE ] array (
  'type' => 'module',
  'module' => 
  array (
    0 => 'home',
    1 => 'task',
    2 => 'add',
  ),
)
[ info ] [ RUN ] Method [ <user> public method add ] {
  @@ D:\xampp\htdocs\yunsuDoc\application\home\controller\Task.php 29 - 46
}

[ info ] [ DB ] INIT mysql:array (
  'type' => 'mysql',
  'dsn' => '',
  'hostname' => 'localhost',
  'database' => 'yunsu_doc',
  'username' => 'root',
  'password' => '123456',
  'hostport' => '3306',
  'params' => 
  array (
    0 => 100,
  ),
  'charset' => 'utf8',
  'prefix' => '',
  'debug' => true,
  'deploy' => 0,
  'rw_separate' => false,
  'master_num' => 1,
  'slave_no' => '',
  'fields_strict' => true,
  'auto_timestamp' => false,
  'resultset_type' => 'array',
  'sql_explain' => false,
)
[ info ] [ DB ] CONNECT: mysql:dbname=yunsu_doc;host=localhost;port=3306;charset=utf8
[ info ] [ VIEW ] D:\xampp\htdocs\yunsuDoc/application/home\view\task\add.html [ array (
  0 => 'taskid',
  1 => 'taskList',
) ]
[ info ] [ LOG ] INIT File: array (
  'path' => 'D:\\xampp\\htdocs\\yunsuDoc\\runtime\\log\\',
)
[ sql ] [ SQL ] SELECT * FROM `tasks` WHERE  `year` = '2016'  AND `month` = '10'  AND `day` = '20'  AND `athname` = '陈万洲' LIMIT 1       [ RunTime:0.000910s ]

[ 2016-10-20T00:26:59+08:00 ] 127.0.0.1 127.0.0.1 POST /api/task/commit
[ log ] yunsudoc.com/api/task/commit [运行时间：0.059914s][吞吐率：16.69req/s] [内存消耗：1,134.29kb] [文件加载：33]
[ info ] [ ROUTE ] array (
  'type' => 'module',
  'module' => 
  array (
    0 => 'api',
    1 => 'task',
    2 => 'commit',
  ),
)
[ info ] [ RUN ] Method [ <user> public method commit ] {
  @@ D:\xampp\htdocs\yunsuDoc\application\api\controller\Task.php 10 - 45
}

[ info ] [ LANG ] D:\xampp\htdocs\yunsuDoc\thinkphp\lang\zh-cn.php
[ info ] [ LANG ] D:\xampp\htdocs\yunsuDoc\thinkphp\lang\zh-cn.php
[ info ] [ LOG ] INIT File: array (
  'path' => 'D:\\xampp\\htdocs\\yunsuDoc\\runtime\\log\\',
)
[ error ] [1]Class 'app\api\controller\UserModel' not found[D:\xampp\htdocs\yunsuDoc\application\api\controller\Task.php:21]

