[ 2016-09-30T16:54:17+02:00 ] 127.0.0.1 127.0.0.1 GET /favicon.ico
[ log ] yunsudoc.com/favicon.ico [运行时间：0.050785s][吞吐率：19.69req/s] [内存消耗：562.00kb] [文件加载：18]
[ info ] [ LANG ] D:\xampp\htdocs\yunsuDoc\thinkphp\lang\zh-cn.php
[ info ] [ LOG ] INIT File: array (
  'path' => 'D:\\xampp\\htdocs\\yunsuDoc\\runtime\\log\\',
  'level' => 
  array (
  ),
)

[ 2016-09-30T22:54:19+08:00 ] 127.0.0.1 127.0.0.1 GET /
[ log ] yunsudoc.com/ [运行时间：0.139068s][吞吐率：7.19req/s] [内存消耗：1,806.94kb] [文件加载：37]
[ info ] [ ROUTE ] array (
  'type' => 'module',
  'module' => 
  array (
    0 => '',
    1 => NULL,
    2 => NULL,
  ),
)
[ info ] [ RUN ] Method [ <user> public method index ] {
  @@ D:\xampp\htdocs\yunsuDoc\application\home\controller\Index.php 9 - 14
}

[ info ] [ DB ] INIT mysql:array (
  'type' => 'mysql',
  'dsn' => '',
  'hostname' => '127.0.0.1',
  'database' => 'yunsu_doc',
  'username' => 'root',
  'password' => '123456',
  'hostport' => '3306',
  'params' => 
  array (
    0 => 100,
  ),
  'charset' => 'utf8',
  'prefix' => '',
  'debug' => true,
  'deploy' => 0,
  'rw_separate' => false,
  'master_num' => 1,
  'slave_no' => '',
  'fields_strict' => true,
  'auto_timestamp' => false,
  'resultset_type' => 'array',
  'sql_explain' => false,
)
[ info ] [ DB ] CONNECT: mysql:dbname=yunsu_doc;host=127.0.0.1;port=3306;charset=utf8
[ info ] [ VIEW ] D:\xampp\htdocs\yunsuDoc/application/home\view\index\index.html [ array (
  0 => 'linksList',
) ]
[ info ] [ LOG ] INIT File: array (
  'path' => 'D:\\xampp\\htdocs\\yunsuDoc\\runtime\\log\\',
)
[ sql ] [ SQL ] SELECT * FROM `links`  [ RunTime:0.001147s ]

[ 2016-09-30T16:54:20+02:00 ] 127.0.0.1 127.0.0.1 GET /favicon.ico
[ log ] yunsudoc.com/favicon.ico [运行时间：0.027148s][吞吐率：36.84req/s] [内存消耗：561.63kb] [文件加载：18]
[ info ] [ LANG ] D:\xampp\htdocs\yunsuDoc\thinkphp\lang\zh-cn.php
[ info ] [ LOG ] INIT File: array (
  'path' => 'D:\\xampp\\htdocs\\yunsuDoc\\runtime\\log\\',
  'level' => 
  array (
  ),
)

[ 2016-09-30T17:07:31+02:00 ] 127.0.0.1 127.0.0.1 GET /favicon.ico
[ log ] yunsudoc.com/favicon.ico [运行时间：0.032196s][吞吐率：31.06req/s] [内存消耗：561.59kb] [文件加载：18]
[ info ] [ LANG ] D:\xampp\htdocs\yunsuDoc\thinkphp\lang\zh-cn.php
[ info ] [ LOG ] INIT File: array (
  'path' => 'D:\\xampp\\htdocs\\yunsuDoc\\runtime\\log\\',
  'level' => 
  array (
  ),
)

[ 2016-09-30T23:07:31+08:00 ] 127.0.0.1 127.0.0.1 GET /
[ log ] yunsudoc.com/ [运行时间：0.114616s][吞吐率：8.72req/s] [内存消耗：1,806.92kb] [文件加载：37]
[ info ] [ ROUTE ] array (
  'type' => 'module',
  'module' => 
  array (
    0 => '',
    1 => NULL,
    2 => NULL,
  ),
)
[ info ] [ RUN ] Method [ <user> public method index ] {
  @@ D:\xampp\htdocs\yunsuDoc\application\home\controller\Index.php 9 - 14
}

[ info ] [ DB ] INIT mysql:array (
  'type' => 'mysql',
  'dsn' => '',
  'hostname' => '127.0.0.1',
  'database' => 'yunsu_doc',
  'username' => 'root',
  'password' => '123456',
  'hostport' => '3306',
  'params' => 
  array (
    0 => 100,
  ),
  'charset' => 'utf8',
  'prefix' => '',
  'debug' => true,
  'deploy' => 0,
  'rw_separate' => false,
  'master_num' => 1,
  'slave_no' => '',
  'fields_strict' => true,
  'auto_timestamp' => false,
  'resultset_type' => 'array',
  'sql_explain' => false,
)
[ info ] [ DB ] CONNECT: mysql:dbname=yunsu_doc;host=127.0.0.1;port=3306;charset=utf8
[ info ] [ VIEW ] D:\xampp\htdocs\yunsuDoc/application/home\view\index\index.html [ array (
  0 => 'linksList',
) ]
[ info ] [ LOG ] INIT File: array (
  'path' => 'D:\\xampp\\htdocs\\yunsuDoc\\runtime\\log\\',
)
[ sql ] [ SQL ] SELECT * FROM `links`  [ RunTime:0.000962s ]

[ 2016-09-30T23:08:25+08:00 ] 127.0.0.1 127.0.0.1 GET /index.php/api/Hosts/add?nm=sdsf&dm=http%3A%2F%2Fusers.qingclouds.cn%2F&ip=
[ log ] yunsudoc.com/index.php/api/Hosts/add?nm=sdsf&dm=http%3A%2F%2Fusers.qingclouds.cn%2F&ip= [运行时间：0.113011s][吞吐率：8.85req/s] [内存消耗：1,810.50kb] [文件加载：36]
[ info ] [ ROUTE ] array (
  'type' => 'module',
  'module' => 
  array (
    0 => 'api',
    1 => 'Hosts',
    2 => 'add',
  ),
)
[ info ] [ RUN ] Method [ <user> public method add ] {
  @@ D:\xampp\htdocs\yunsuDoc\application\api\controller\Hosts.php 15 - 49

  - Parameters [3] {
    Parameter #0 [ <optional> $nm = '' ]
    Parameter #1 [ <optional> $dm = '' ]
    Parameter #2 [ <optional> $ip = '' ]
  }
}

[ info ] [ DB ] INIT mysql:array (
  'type' => 'mysql',
  'dsn' => '',
  'hostname' => '127.0.0.1',
  'database' => 'yunsu_doc',
  'username' => 'root',
  'password' => '123456',
  'hostport' => '3306',
  'params' => 
  array (
    0 => 100,
  ),
  'charset' => 'utf8',
  'prefix' => '',
  'debug' => true,
  'deploy' => 0,
  'rw_separate' => false,
  'master_num' => 1,
  'slave_no' => '',
  'fields_strict' => true,
  'auto_timestamp' => false,
  'resultset_type' => 'array',
  'sql_explain' => false,
)
[ info ] [ DB ] CONNECT: mysql:dbname=yunsu_doc;host=127.0.0.1;port=3306;charset=utf8
[ info ] [ LOG ] INIT File: array (
  'path' => 'D:\\xampp\\htdocs\\yunsuDoc\\runtime\\log\\',
)
[ sql ] [ SQL ] INSERT INTO `hosts` (`hostname` , `domain` , `hostip`) VALUES ('sdsf' , 'http://users.qingclouds.cn/' , '')     [ RunTime:0.005671s ]

[ 2016-09-30T23:09:05+08:00 ] 127.0.0.1 127.0.0.1 GET /index.php/api/Hosts/add?nm=wwer&dm=http%3A%2F%2Fusers.icloudinn.com%2F&ip=
[ log ] yunsudoc.com/index.php/api/Hosts/add?nm=wwer&dm=http%3A%2F%2Fusers.icloudinn.com%2F&ip= [运行时间：0.111148s][吞吐率：9.00req/s] [内存消耗：1,810.50kb] [文件加载：36]
[ info ] [ ROUTE ] array (
  'type' => 'module',
  'module' => 
  array (
    0 => 'api',
    1 => 'Hosts',
    2 => 'add',
  ),
)
[ info ] [ RUN ] Method [ <user> public method add ] {
  @@ D:\xampp\htdocs\yunsuDoc\application\api\controller\Hosts.php 15 - 49

  - Parameters [3] {
    Parameter #0 [ <optional> $nm = '' ]
    Parameter #1 [ <optional> $dm = '' ]
    Parameter #2 [ <optional> $ip = '' ]
  }
}

[ info ] [ DB ] INIT mysql:array (
  'type' => 'mysql',
  'dsn' => '',
  'hostname' => '127.0.0.1',
  'database' => 'yunsu_doc',
  'username' => 'root',
  'password' => '123456',
  'hostport' => '3306',
  'params' => 
  array (
    0 => 100,
  ),
  'charset' => 'utf8',
  'prefix' => '',
  'debug' => true,
  'deploy' => 0,
  'rw_separate' => false,
  'master_num' => 1,
  'slave_no' => '',
  'fields_strict' => true,
  'auto_timestamp' => false,
  'resultset_type' => 'array',
  'sql_explain' => false,
)
[ info ] [ DB ] CONNECT: mysql:dbname=yunsu_doc;host=127.0.0.1;port=3306;charset=utf8
[ info ] [ LOG ] INIT File: array (
  'path' => 'D:\\xampp\\htdocs\\yunsuDoc\\runtime\\log\\',
)
[ sql ] [ SQL ] INSERT INTO `hosts` (`hostname` , `domain` , `hostip`) VALUES ('wwer' , 'http://users.icloudinn.com/' , '')     [ RunTime:0.002594s ]

[ 2016-09-30T23:10:33+08:00 ] 127.0.0.1 127.0.0.1 GET /
[ log ] yunsudoc.com/ [运行时间：0.124729s][吞吐率：8.02req/s] [内存消耗：1,806.91kb] [文件加载：37]
[ info ] [ ROUTE ] array (
  'type' => 'module',
  'module' => 
  array (
    0 => '',
    1 => NULL,
    2 => NULL,
  ),
)
[ info ] [ RUN ] Method [ <user> public method index ] {
  @@ D:\xampp\htdocs\yunsuDoc\application\home\controller\Index.php 9 - 14
}

[ info ] [ DB ] INIT mysql:array (
  'type' => 'mysql',
  'dsn' => '',
  'hostname' => '127.0.0.1',
  'database' => 'yunsu_doc',
  'username' => 'root',
  'password' => '123456',
  'hostport' => '3306',
  'params' => 
  array (
    0 => 100,
  ),
  'charset' => 'utf8',
  'prefix' => '',
  'debug' => true,
  'deploy' => 0,
  'rw_separate' => false,
  'master_num' => 1,
  'slave_no' => '',
  'fields_strict' => true,
  'auto_timestamp' => false,
  'resultset_type' => 'array',
  'sql_explain' => false,
)
[ info ] [ DB ] CONNECT: mysql:dbname=yunsu_doc;host=127.0.0.1;port=3306;charset=utf8
[ info ] [ VIEW ] D:\xampp\htdocs\yunsuDoc/application/home\view\index\index.html [ array (
  0 => 'linksList',
) ]
[ info ] [ LOG ] INIT File: array (
  'path' => 'D:\\xampp\\htdocs\\yunsuDoc\\runtime\\log\\',
)
[ sql ] [ SQL ] SELECT * FROM `links`  [ RunTime:0.000981s ]

[ 2016-09-30T23:11:46+08:00 ] 127.0.0.1 127.0.0.1 GET /
[ log ] yunsudoc.com/ [运行时间：0.130674s][吞吐率：7.65req/s] [内存消耗：1,806.92kb] [文件加载：37]
[ info ] [ ROUTE ] array (
  'type' => 'module',
  'module' => 
  array (
    0 => '',
    1 => NULL,
    2 => NULL,
  ),
)
[ info ] [ RUN ] Method [ <user> public method index ] {
  @@ D:\xampp\htdocs\yunsuDoc\application\home\controller\Index.php 9 - 14
}

[ info ] [ DB ] INIT mysql:array (
  'type' => 'mysql',
  'dsn' => '',
  'hostname' => '127.0.0.1',
  'database' => 'yunsu_doc',
  'username' => 'root',
  'password' => '123456',
  'hostport' => '3306',
  'params' => 
  array (
    0 => 100,
  ),
  'charset' => 'utf8',
  'prefix' => '',
  'debug' => true,
  'deploy' => 0,
  'rw_separate' => false,
  'master_num' => 1,
  'slave_no' => '',
  'fields_strict' => true,
  'auto_timestamp' => false,
  'resultset_type' => 'array',
  'sql_explain' => false,
)
[ info ] [ DB ] CONNECT: mysql:dbname=yunsu_doc;host=127.0.0.1;port=3306;charset=utf8
[ info ] [ VIEW ] D:\xampp\htdocs\yunsuDoc/application/home\view\index\index.html [ array (
  0 => 'linksList',
) ]
[ info ] [ LOG ] INIT File: array (
  'path' => 'D:\\xampp\\htdocs\\yunsuDoc\\runtime\\log\\',
)
[ sql ] [ SQL ] SELECT * FROM `links`  [ RunTime:0.000837s ]

[ 2016-09-30T23:29:58+08:00 ] 127.0.0.1 127.0.0.1 GET /ueditor/third-party/jquery-3.0.0.min.js
[ log ] yunsudoc.com/ueditor/third-party/jquery-3.0.0.min.js [运行时间：0.057161s][吞吐率：17.49req/s] [内存消耗：846.94kb] [文件加载：25]
[ info ] [ ROUTE ] array (
  'type' => 'module',
  'module' => 
  array (
    0 => 'ueditor',
    1 => 'third-party',
    2 => 'jquery-3.0.0.min.js',
  ),
)
[ info ] [ LANG ] D:\xampp\htdocs\yunsuDoc\thinkphp\lang\zh-cn.php
[ info ] [ LOG ] INIT File: array (
  'path' => 'D:\\xampp\\htdocs\\yunsuDoc\\runtime\\log\\',
)

[ 2016-09-30T23:51:14+08:00 ] 127.0.0.1 127.0.0.1 GET /ueditor/third-party/jquery-3.0.0.min.js
[ log ] yunsudoc.com/ueditor/third-party/jquery-3.0.0.min.js [运行时间：0.058532s][吞吐率：17.08req/s] [内存消耗：846.94kb] [文件加载：25]
[ info ] [ ROUTE ] array (
  'type' => 'module',
  'module' => 
  array (
    0 => 'ueditor',
    1 => 'third-party',
    2 => 'jquery-3.0.0.min.js',
  ),
)
[ info ] [ LANG ] D:\xampp\htdocs\yunsuDoc\thinkphp\lang\zh-cn.php
[ info ] [ LOG ] INIT File: array (
  'path' => 'D:\\xampp\\htdocs\\yunsuDoc\\runtime\\log\\',
)

[ 2016-09-30T23:54:10+08:00 ] 127.0.0.1 127.0.0.1 GET /ueditor/third-party/jquery-3.0.0.min.js
[ log ] yunsudoc.com/ueditor/third-party/jquery-3.0.0.min.js [运行时间：0.052567s][吞吐率：19.02req/s] [内存消耗：846.94kb] [文件加载：25]
[ info ] [ ROUTE ] array (
  'type' => 'module',
  'module' => 
  array (
    0 => 'ueditor',
    1 => 'third-party',
    2 => 'jquery-3.0.0.min.js',
  ),
)
[ info ] [ LANG ] D:\xampp\htdocs\yunsuDoc\thinkphp\lang\zh-cn.php
[ info ] [ LOG ] INIT File: array (
  'path' => 'D:\\xampp\\htdocs\\yunsuDoc\\runtime\\log\\',
)

[ 2016-09-30T23:55:37+08:00 ] 127.0.0.1 127.0.0.1 GET /ueditor/third-party/jquery-3.0.0.min.js
[ log ] yunsudoc.com/ueditor/third-party/jquery-3.0.0.min.js [运行时间：0.048830s][吞吐率：20.48req/s] [内存消耗：847.40kb] [文件加载：25]
[ info ] [ ROUTE ] array (
  'type' => 'module',
  'module' => 
  array (
    0 => 'ueditor',
    1 => 'third-party',
    2 => 'jquery-3.0.0.min.js',
  ),
)
[ info ] [ LANG ] D:\xampp\htdocs\yunsuDoc\thinkphp\lang\zh-cn.php
[ info ] [ LOG ] INIT File: array (
  'path' => 'D:\\xampp\\htdocs\\yunsuDoc\\runtime\\log\\',
)

[ 2016-09-30T23:56:30+08:00 ] 127.0.0.1 127.0.0.1 GET /ueditor/third-party/jquery-3.0.0.min.js
[ log ] yunsudoc.com/ueditor/third-party/jquery-3.0.0.min.js [运行时间：0.053693s][吞吐率：18.62req/s] [内存消耗：846.94kb] [文件加载：25]
[ info ] [ ROUTE ] array (
  'type' => 'module',
  'module' => 
  array (
    0 => 'ueditor',
    1 => 'third-party',
    2 => 'jquery-3.0.0.min.js',
  ),
)
[ info ] [ LANG ] D:\xampp\htdocs\yunsuDoc\thinkphp\lang\zh-cn.php
[ info ] [ LOG ] INIT File: array (
  'path' => 'D:\\xampp\\htdocs\\yunsuDoc\\runtime\\log\\',
)

[ 2016-09-30T23:58:52+08:00 ] 127.0.0.1 127.0.0.1 GET /ueditor/third-party/jquery-3.0.0.min.js
[ log ] yunsudoc.com/ueditor/third-party/jquery-3.0.0.min.js [运行时间：0.053716s][吞吐率：18.62req/s] [内存消耗：846.94kb] [文件加载：25]
[ info ] [ ROUTE ] array (
  'type' => 'module',
  'module' => 
  array (
    0 => 'ueditor',
    1 => 'third-party',
    2 => 'jquery-3.0.0.min.js',
  ),
)
[ info ] [ LANG ] D:\xampp\htdocs\yunsuDoc\thinkphp\lang\zh-cn.php
[ info ] [ LOG ] INIT File: array (
  'path' => 'D:\\xampp\\htdocs\\yunsuDoc\\runtime\\log\\',
)

[ 2016-09-30T18:15:35+02:00 ] 127.0.0.1 127.0.0.1 GET /favicon.ico
[ log ] yunsudoc.com/favicon.ico [运行时间：0.049260s][吞吐率：20.30req/s] [内存消耗：561.63kb] [文件加载：18]
[ info ] [ LANG ] D:\xampp\htdocs\yunsuDoc\thinkphp\lang\zh-cn.php
[ info ] [ LOG ] INIT File: array (
  'path' => 'D:\\xampp\\htdocs\\yunsuDoc\\runtime\\log\\',
  'level' => 
  array (
  ),
)

[ 2016-09-30T18:15:42+02:00 ] 127.0.0.1 127.0.0.1 GET /favicon.ico
[ log ] yunsudoc.com/favicon.ico [运行时间：0.030651s][吞吐率：32.63req/s] [内存消耗：561.63kb] [文件加载：18]
[ info ] [ LANG ] D:\xampp\htdocs\yunsuDoc\thinkphp\lang\zh-cn.php
[ info ] [ LOG ] INIT File: array (
  'path' => 'D:\\xampp\\htdocs\\yunsuDoc\\runtime\\log\\',
  'level' => 
  array (
  ),
)

