[ 2016-12-14T11:58:06+01:00 ] 127.0.0.1 127.0.0.1 GET /favicon.ico
[ log ] test.com/favicon.ico [运行时间：0.041260s][吞吐率：24.24req/s] [内存消耗：561.77kb] [文件加载：18]
[ info ] [ LANG ] D:\xampp\htdocs\yunsuDoc\thinkphp\lang\zh-cn.php
[ info ] [ LOG ] INIT File: array (
  'path' => 'D:\\xampp\\htdocs\\yunsuDoc\\runtime\\log\\',
  'level' => 
  array (
  ),
)

[ 2016-12-14T18:58:08+08:00 ] 127.0.0.1 127.0.0.1 GET /
[ log ] test.com/ [运行时间：0.122665s][吞吐率：8.15req/s] [内存消耗：1,809.46kb] [文件加载：37]
[ info ] [ ROUTE ] array (
  'type' => 'module',
  'module' => 
  array (
    0 => '',
    1 => NULL,
    2 => NULL,
  ),
)
[ info ] [ RUN ] Method [ <user> public method index ] {
  @@ D:\xampp\htdocs\yunsuDoc\application\home\controller\Index.php 9 - 14
}

[ info ] [ DB ] INIT mysql:array (
  'type' => 'mysql',
  'dsn' => '',
  'hostname' => 'localhost',
  'database' => 'yunsu_doc',
  'username' => 'root',
  'password' => '123456',
  'hostport' => '3306',
  'params' => 
  array (
    0 => 100,
  ),
  'charset' => 'utf8',
  'prefix' => '',
  'debug' => true,
  'deploy' => 0,
  'rw_separate' => false,
  'master_num' => 1,
  'slave_no' => '',
  'fields_strict' => true,
  'auto_timestamp' => false,
  'resultset_type' => 'array',
  'sql_explain' => false,
)
[ info ] [ DB ] CONNECT: mysql:dbname=yunsu_doc;host=localhost;port=3306;charset=utf8
[ info ] [ VIEW ] D:\xampp\htdocs\yunsuDoc/application/home\view\index\index.html [ array (
  0 => 'linksList',
) ]
[ info ] [ LOG ] INIT File: array (
  'path' => 'D:\\xampp\\htdocs\\yunsuDoc\\runtime\\log\\',
)
[ sql ] [ SQL ] SELECT * FROM `links`  [ RunTime:0.000841s ]

[ 2016-12-14T18:58:08+08:00 ] 127.0.0.1 127.0.0.1 GET /css/app.png
[ log ] test.com/css/app.png [运行时间：0.039522s][吞吐率：25.30req/s] [内存消耗：849.22kb] [文件加载：25]
[ info ] [ ROUTE ] array (
  'type' => 'module',
  'module' => 
  array (
    0 => 'css',
    1 => 'app.png',
    2 => NULL,
  ),
)
[ info ] [ LANG ] D:\xampp\htdocs\yunsuDoc\thinkphp\lang\zh-cn.php
[ info ] [ LOG ] INIT File: array (
  'path' => 'D:\\xampp\\htdocs\\yunsuDoc\\runtime\\log\\',
)

[ 2016-12-14T18:58:08+08:00 ] 127.0.0.1 127.0.0.1 GET /css/app.png
[ log ] test.com/css/app.png [运行时间：0.050023s][吞吐率：19.99req/s] [内存消耗：849.22kb] [文件加载：25]
[ info ] [ ROUTE ] array (
  'type' => 'module',
  'module' => 
  array (
    0 => 'css',
    1 => 'app.png',
    2 => NULL,
  ),
)
[ info ] [ LANG ] D:\xampp\htdocs\yunsuDoc\thinkphp\lang\zh-cn.php
[ info ] [ LOG ] INIT File: array (
  'path' => 'D:\\xampp\\htdocs\\yunsuDoc\\runtime\\log\\',
)

[ 2016-12-14T11:58:08+01:00 ] 127.0.0.1 127.0.0.1 GET /favicon.ico
[ log ] test.com/favicon.ico [运行时间：0.028262s][吞吐率：35.38req/s] [内存消耗：561.37kb] [文件加载：18]
[ info ] [ LANG ] D:\xampp\htdocs\yunsuDoc\thinkphp\lang\zh-cn.php
[ info ] [ LOG ] INIT File: array (
  'path' => 'D:\\xampp\\htdocs\\yunsuDoc\\runtime\\log\\',
  'level' => 
  array (
  ),
)

